<?xml version="1.0" encoding="UTF-8"?>
<testsuite xmlns:xsi="http://www.w3.org/2001/XMLSchema-instance" xsi:noNamespaceSchemaLocation="https://maven.apache.org/surefire/maven-surefire-plugin/xsd/surefire-test-report-3.0.xsd" version="3.0" name="pl.messaging.quarkus.test.InboxOutboxQuarkusTest" time="2.833" tests="1" errors="0" skipped="0" failures="0">
  <properties>
    <property name="java.specification.version" value="20"/>
    <property name="sun.cpu.isalist" value="amd64"/>
    <property name="sun.jnu.encoding" value="Cp1250"/>
    <property name="java.class.path" value="C:\Users\bkuch\OneDrive\Pulpit\App\PIH\projekty\illchess\messaging\inbox-outbox\inbox-outbox-quarkus\deployment\target\test-classes;C:\Users\bkuch\OneDrive\Pulpit\App\PIH\projekty\illchess\messaging\inbox-outbox\inbox-outbox-quarkus\deployment\target\classes;C:\Users\bkuch\.m2\repository\io\quarkus\quarkus-arc-deployment\3.11.1\quarkus-arc-deployment-3.11.1.jar;C:\Users\bkuch\.m2\repository\io\quarkus\quarkus-core-deployment\3.11.1\quarkus-core-deployment-3.11.1.jar;C:\Users\bkuch\.m2\repository\io\quarkus\quarkus-classloader-commons\3.11.1\quarkus-classloader-commons-3.11.1.jar;C:\Users\bkuch\.m2\repository\org\aesh\readline\2.4\readline-2.4.jar;C:\Users\bkuch\.m2\repository\org\fusesource\jansi\jansi\2.4.0\jansi-2.4.0.jar;C:\Users\bkuch\.m2\repository\org\aesh\aesh\2.7\aesh-2.7.jar;C:\Users\bkuch\.m2\repository\org\apache\commons\commons-lang3\3.14.0\commons-lang3-3.14.0.jar;C:\Users\bkuch\.m2\repository\org\wildfly\common\wildfly-common\1.7.0.Final\wildfly-common-1.7.0.Final.jar;C:\Users\bkuch\.m2\repository\io\quarkus\gizmo\gizmo\1.8.0\gizmo-1.8.0.jar;C:\Users\bkuch\.m2\repository\org\ow2\asm\asm-util\9.7\asm-util-9.7.jar;C:\Users\bkuch\.m2\repository\org\ow2\asm\asm-analysis\9.7\asm-analysis-9.7.jar;C:\Users\bkuch\.m2\repository\io\smallrye\jandex\3.1.8\jandex-3.1.8.jar;C:\Users\bkuch\.m2\repository\org\ow2\asm\asm\9.7\asm-9.7.jar;C:\Users\bkuch\.m2\repository\org\ow2\asm\asm-commons\9.7\asm-commons-9.7.jar;C:\Users\bkuch\.m2\repository\org\ow2\asm\asm-tree\9.7\asm-tree-9.7.jar;C:\Users\bkuch\.m2\repository\io\quarkus\quarkus-development-mode-spi\3.11.1\quarkus-development-mode-spi-3.11.1.jar;C:\Users\bkuch\.m2\repository\io\quarkus\quarkus-hibernate-validator-spi\3.11.1\quarkus-hibernate-validator-spi-3.11.1.jar;C:\Users\bkuch\.m2\repository\io\quarkus\quarkus-class-change-agent\3.11.1\quarkus-class-change-agent-3.11.1.jar;C:\Users\bkuch\.m2\repository\io\quarkus\quarkus-bootstrap-core\3.11.1\quarkus-bootstrap-core-3.11.1.jar;C:\Users\bkuch\.m2\repository\io\quarkus\quarkus-bootstrap-app-model\3.11.1\quarkus-bootstrap-app-model-3.11.1.jar;C:\Users\bkuch\.m2\repository\io\smallrye\common\smallrye-common-io\2.3.0\smallrye-common-io-2.3.0.jar;C:\Users\bkuch\.m2\repository\org\eclipse\sisu\org.eclipse.sisu.inject\0.9.0.M2\org.eclipse.sisu.inject-0.9.0.M2.jar;C:\Users\bkuch\.m2\repository\io\quarkus\quarkus-builder\3.11.1\quarkus-builder-3.11.1.jar;C:\Users\bkuch\.m2\repository\org\graalvm\sdk\nativeimage\23.1.2\nativeimage-23.1.2.jar;C:\Users\bkuch\.m2\repository\org\graalvm\sdk\word\23.1.2\word-23.1.2.jar;C:\Users\bkuch\.m2\repository\org\junit\platform\junit-platform-launcher\1.10.2\junit-platform-launcher-1.10.2.jar;C:\Users\bkuch\.m2\repository\org\junit\jupiter\junit-jupiter\5.10.2\junit-jupiter-5.10.2.jar;C:\Users\bkuch\.m2\repository\io\quarkus\quarkus-smallrye-context-propagation-spi\3.11.1\quarkus-smallrye-context-propagation-spi-3.11.1.jar;C:\Users\bkuch\.m2\repository\org\eclipse\microprofile\context-propagation\microprofile-context-propagation-api\1.3\microprofile-context-propagation-api-1.3.jar;C:\Users\bkuch\.m2\repository\io\quarkus\quarkus-vertx-http-dev-ui-spi\3.11.1\quarkus-vertx-http-dev-ui-spi-3.11.1.jar;C:\Users\bkuch\.m2\repository\io\quarkus\quarkus-arc\3.11.1\quarkus-arc-3.11.1.jar;C:\Users\bkuch\.m2\repository\io\quarkus\arc\arc\3.11.1\arc-3.11.1.jar;C:\Users\bkuch\.m2\repository\jakarta\transaction\jakarta.transaction-api\2.0.1\jakarta.transaction-api-2.0.1.jar;C:\Users\bkuch\.m2\repository\io\smallrye\reactive\mutiny\2.6.0\mutiny-2.6.0.jar;C:\Users\bkuch\.m2\repository\org\jctools\jctools-core\4.0.3\jctools-core-4.0.3.jar;C:\Users\bkuch\.m2\repository\io\quarkus\arc\arc-processor\3.11.1\arc-processor-3.11.1.jar;C:\Users\bkuch\.m2\repository\org\jboss\logging\jboss-logging\3.5.3.Final\jboss-logging-3.5.3.Final.jar;C:\Users\bkuch\.m2\repository\jakarta\annotation\jakarta.annotation-api\3.0.0\jakarta.annotation-api-3.0.0.jar;C:\Users\bkuch\.m2\repository\io\quarkus\quarkus-arc-test-supplement\3.11.1\quarkus-arc-test-supplement-3.11.1.jar;C:\Users\bkuch\.m2\repository\io\quarkus\quarkus-kotlin-deployment\3.11.1\quarkus-kotlin-deployment-3.11.1.jar;C:\Users\bkuch\.m2\repository\io\quarkus\quarkus-kotlin\3.11.1\quarkus-kotlin-3.11.1.jar;C:\Users\bkuch\.m2\repository\org\jetbrains\annotations\24.1.0\annotations-24.1.0.jar;C:\Users\bkuch\.m2\repository\org\jetbrains\kotlin\kotlin-stdlib-jdk8\1.9.23\kotlin-stdlib-jdk8-1.9.23.jar;C:\Users\bkuch\.m2\repository\org\jetbrains\kotlin\kotlin-stdlib-jdk7\1.9.23\kotlin-stdlib-jdk7-1.9.23.jar;C:\Users\bkuch\.m2\repository\org\jetbrains\kotlin\kotlin-reflect\1.9.23\kotlin-reflect-1.9.23.jar;C:\Users\bkuch\.m2\repository\io\smallrye\reactive\mutiny-kotlin\2.6.0\mutiny-kotlin-2.6.0.jar;C:\Users\bkuch\.m2\repository\io\smallrye\smallrye-fault-tolerance-kotlin\6.3.0\smallrye-fault-tolerance-kotlin-6.3.0.jar;C:\Users\bkuch\.m2\repository\org\jetbrains\kotlinx\kotlinx-coroutines-jdk8\1.8.1\kotlinx-coroutines-jdk8-1.8.1.jar;C:\Users\bkuch\.m2\repository\org\jetbrains\kotlinx\kotlinx-coroutines-core-jvm\1.8.1\kotlinx-coroutines-core-jvm-1.8.1.jar;C:\Users\bkuch\.m2\repository\io\quarkus\quarkus-jackson-spi\3.11.1\quarkus-jackson-spi-3.11.1.jar;C:\Users\bkuch\.m2\repository\org\jetbrains\kotlin\kotlin-compiler\1.9.23\kotlin-compiler-1.9.23.jar;C:\Users\bkuch\.m2\repository\org\jetbrains\kotlin\kotlin-script-runtime\1.9.23\kotlin-script-runtime-1.9.23.jar;C:\Users\bkuch\.m2\repository\org\jetbrains\intellij\deps\trove4j\1.0.20200330\trove4j-1.0.20200330.jar;C:\Users\bkuch\.m2\repository\org\jetbrains\kotlinx\kotlinx-coroutines-core\1.8.1\kotlinx-coroutines-core-1.8.1.jar;C:\Users\bkuch\OneDrive\Pulpit\App\PIH\projekty\illchess\messaging\inbox-outbox\inbox-outbox-quarkus\runtime\target\inbox-outbox-quarkus-1.0.0-SNAPSHOT.jar;C:\Users\bkuch\.m2\repository\org\jetbrains\kotlin\kotlin-stdlib\2.0.20-Beta2\kotlin-stdlib-2.0.20-Beta2.jar;C:\Users\bkuch\.m2\repository\io\quarkus\quarkus-scheduler\3.11.1\quarkus-scheduler-3.11.1.jar;C:\Users\bkuch\.m2\repository\io\quarkus\quarkus-scheduler-kotlin\3.11.1\quarkus-scheduler-kotlin-3.11.1.jar;C:\Users\bkuch\.m2\repository\io\quarkus\quarkus-scheduler-common\3.11.1\quarkus-scheduler-common-3.11.1.jar;C:\Users\bkuch\.m2\repository\io\quarkus\quarkus-scheduler-api\3.11.1\quarkus-scheduler-api-3.11.1.jar;C:\Users\bkuch\.m2\repository\io\quarkus\quarkus-scheduler-spi\3.11.1\quarkus-scheduler-spi-3.11.1.jar;C:\Users\bkuch\.m2\repository\io\opentelemetry\instrumentation\opentelemetry-instrumentation-api\1.32.0\opentelemetry-instrumentation-api-1.32.0.jar;C:\Users\bkuch\.m2\repository\io\opentelemetry\opentelemetry-api\1.32.0\opentelemetry-api-1.32.0.jar;C:\Users\bkuch\.m2\repository\io\opentelemetry\opentelemetry-context\1.32.0\opentelemetry-context-1.32.0.jar;C:\Users\bkuch\.m2\repository\io\opentelemetry\opentelemetry-extension-incubator\1.32.0-alpha\opentelemetry-extension-incubator-1.32.0-alpha.jar;C:\Users\bkuch\.m2\repository\com\cronutils\cron-utils\9.2.1\cron-utils-9.2.1.jar;C:\Users\bkuch\.m2\repository\io\quarkus\quarkus-virtual-threads\3.11.1\quarkus-virtual-threads-3.11.1.jar;C:\Users\bkuch\.m2\repository\io\vertx\vertx-core\4.5.7\vertx-core-4.5.7.jar;C:\Users\bkuch\.m2\repository\io\netty\netty-common\4.1.108.Final\netty-common-4.1.108.Final.jar;C:\Users\bkuch\.m2\repository\io\netty\netty-buffer\4.1.108.Final\netty-buffer-4.1.108.Final.jar;C:\Users\bkuch\.m2\repository\io\netty\netty-transport\4.1.108.Final\netty-transport-4.1.108.Final.jar;C:\Users\bkuch\.m2\repository\io\netty\netty-handler\4.1.108.Final\netty-handler-4.1.108.Final.jar;C:\Users\bkuch\.m2\repository\io\netty\netty-transport-native-unix-common\4.1.108.Final\netty-transport-native-unix-common-4.1.108.Final.jar;C:\Users\bkuch\.m2\repository\io\netty\netty-handler-proxy\4.1.108.Final\netty-handler-proxy-4.1.108.Final.jar;C:\Users\bkuch\.m2\repository\io\netty\netty-codec-socks\4.1.108.Final\netty-codec-socks-4.1.108.Final.jar;C:\Users\bkuch\.m2\repository\io\netty\netty-codec-http\4.1.108.Final\netty-codec-http-4.1.108.Final.jar;C:\Users\bkuch\.m2\repository\io\netty\netty-codec-http2\4.1.108.Final\netty-codec-http2-4.1.108.Final.jar;C:\Users\bkuch\.m2\repository\io\netty\netty-resolver\4.1.108.Final\netty-resolver-4.1.108.Final.jar;C:\Users\bkuch\.m2\repository\io\netty\netty-resolver-dns\4.1.108.Final\netty-resolver-dns-4.1.108.Final.jar;C:\Users\bkuch\.m2\repository\io\netty\netty-codec-dns\4.1.108.Final\netty-codec-dns-4.1.108.Final.jar;C:\Users\bkuch\.m2\repository\com\fasterxml\jackson\core\jackson-core\2.17.1\jackson-core-2.17.1.jar;C:\Users\bkuch\.m2\repository\io\quarkus\quarkus-vertx\3.11.1\quarkus-vertx-3.11.1.jar;C:\Users\bkuch\.m2\repository\io\quarkus\quarkus-netty\3.11.1\quarkus-netty-3.11.1.jar;C:\Users\bkuch\.m2\repository\io\netty\netty-codec\4.1.108.Final\netty-codec-4.1.108.Final.jar;C:\Users\bkuch\.m2\repository\com\aayushatharva\brotli4j\brotli4j\1.16.0\brotli4j-1.16.0.jar;C:\Users\bkuch\.m2\repository\com\aayushatharva\brotli4j\service\1.16.0\service-1.16.0.jar;C:\Users\bkuch\.m2\repository\com\aayushatharva\brotli4j\native-windows-x86_64\1.16.0\native-windows-x86_64-1.16.0.jar;C:\Users\bkuch\.m2\repository\io\netty\netty-codec-haproxy\4.1.108.Final\netty-codec-haproxy-4.1.108.Final.jar;C:\Users\bkuch\.m2\repository\io\smallrye\common\smallrye-common-annotation\2.3.0\smallrye-common-annotation-2.3.0.jar;C:\Users\bkuch\.m2\repository\io\smallrye\common\smallrye-common-vertx-context\2.3.0\smallrye-common-vertx-context-2.3.0.jar;C:\Users\bkuch\.m2\repository\io\quarkus\quarkus-mutiny\3.11.1\quarkus-mutiny-3.11.1.jar;C:\Users\bkuch\.m2\repository\io\quarkus\quarkus-smallrye-context-propagation\3.11.1\quarkus-smallrye-context-propagation-3.11.1.jar;C:\Users\bkuch\.m2\repository\io\smallrye\smallrye-context-propagation\2.1.0\smallrye-context-propagation-2.1.0.jar;C:\Users\bkuch\.m2\repository\io\smallrye\smallrye-context-propagation-api\2.1.0\smallrye-context-propagation-api-2.1.0.jar;C:\Users\bkuch\.m2\repository\io\smallrye\smallrye-context-propagation-storage\2.1.0\smallrye-context-propagation-storage-2.1.0.jar;C:\Users\bkuch\.m2\repository\io\smallrye\reactive\mutiny-smallrye-context-propagation\2.6.0\mutiny-smallrye-context-propagation-2.6.0.jar;C:\Users\bkuch\.m2\repository\io\quarkus\quarkus-vertx-latebound-mdc-provider\3.11.1\quarkus-vertx-latebound-mdc-provider-3.11.1.jar;C:\Users\bkuch\.m2\repository\io\smallrye\reactive\smallrye-mutiny-vertx-core\3.12.0\smallrye-mutiny-vertx-core-3.12.0.jar;C:\Users\bkuch\.m2\repository\io\smallrye\reactive\smallrye-mutiny-vertx-runtime\3.12.0\smallrye-mutiny-vertx-runtime-3.12.0.jar;C:\Users\bkuch\.m2\repository\io\smallrye\reactive\vertx-mutiny-generator\3.12.0\vertx-mutiny-generator-3.12.0.jar;C:\Users\bkuch\.m2\repository\io\vertx\vertx-codegen\4.5.7\vertx-codegen-4.5.7.jar;C:\Users\bkuch\.m2\repository\io\smallrye\smallrye-fault-tolerance-vertx\6.3.0\smallrye-fault-tolerance-vertx-6.3.0.jar;C:\Users\bkuch\.m2\repository\org\jboss\slf4j\slf4j-jboss-logmanager\2.0.0.Final\slf4j-jboss-logmanager-2.0.0.Final.jar;C:\Users\bkuch\.m2\repository\org\glassfish\expressly\expressly\5.0.0\expressly-5.0.0.jar;C:\Users\bkuch\OneDrive\Pulpit\App\PIH\projekty\illchess\messaging\inbox-outbox\inbox-outbox-commons\target\inbox-outbox-commons-1.0.0-SNAPSHOT.jar;C:\Users\bkuch\.m2\repository\io\quarkus\quarkus-junit5-internal\3.11.1\quarkus-junit5-internal-3.11.1.jar;C:\Users\bkuch\.m2\repository\org\jboss\shrinkwrap\shrinkwrap-api\1.2.6\shrinkwrap-api-1.2.6.jar;C:\Users\bkuch\.m2\repository\org\jboss\shrinkwrap\shrinkwrap-spi\1.2.6\shrinkwrap-spi-1.2.6.jar;C:\Users\bkuch\.m2\repository\org\jboss\shrinkwrap\shrinkwrap-impl-base\1.2.6\shrinkwrap-impl-base-1.2.6.jar;C:\Users\bkuch\.m2\repository\org\junit\jupiter\junit-jupiter-api\5.10.2\junit-jupiter-api-5.10.2.jar;C:\Users\bkuch\.m2\repository\org\opentest4j\opentest4j\1.3.0\opentest4j-1.3.0.jar;C:\Users\bkuch\.m2\repository\org\junit\platform\junit-platform-commons\1.10.2\junit-platform-commons-1.10.2.jar;C:\Users\bkuch\.m2\repository\org\apiguardian\apiguardian-api\1.1.2\apiguardian-api-1.1.2.jar;C:\Users\bkuch\.m2\repository\org\junit\jupiter\junit-jupiter-params\5.10.2\junit-jupiter-params-5.10.2.jar;C:\Users\bkuch\.m2\repository\org\junit\jupiter\junit-jupiter-engine\5.10.2\junit-jupiter-engine-5.10.2.jar;C:\Users\bkuch\.m2\repository\org\junit\platform\junit-platform-engine\1.10.2\junit-platform-engine-1.10.2.jar;C:\Users\bkuch\.m2\repository\io\quarkus\quarkus-core\3.11.1\quarkus-core-3.11.1.jar;C:\Users\bkuch\.m2\repository\jakarta\inject\jakarta.inject-api\2.0.1\jakarta.inject-api-2.0.1.jar;C:\Users\bkuch\.m2\repository\io\smallrye\common\smallrye-common-os\2.3.0\smallrye-common-os-2.3.0.jar;C:\Users\bkuch\.m2\repository\io\quarkus\quarkus-ide-launcher\3.11.1\quarkus-ide-launcher-3.11.1.jar;C:\Users\bkuch\.m2\repository\io\smallrye\config\smallrye-config\3.8.1\smallrye-config-3.8.1.jar;C:\Users\bkuch\.m2\repository\io\smallrye\config\smallrye-config-core\3.8.1\smallrye-config-core-3.8.1.jar;C:\Users\bkuch\.m2\repository\org\eclipse\microprofile\config\microprofile-config-api\3.1\microprofile-config-api-3.1.jar;C:\Users\bkuch\.m2\repository\io\smallrye\common\smallrye-common-classloader\2.3.0\smallrye-common-classloader-2.3.0.jar;C:\Users\bkuch\.m2\repository\io\smallrye\config\smallrye-config-common\3.8.1\smallrye-config-common-3.8.1.jar;C:\Users\bkuch\.m2\repository\org\jboss\logmanager\jboss-logmanager\3.0.6.Final\jboss-logmanager-3.0.6.Final.jar;C:\Users\bkuch\.m2\repository\io\smallrye\common\smallrye-common-constraint\2.3.0\smallrye-common-constraint-2.3.0.jar;C:\Users\bkuch\.m2\repository\io\smallrye\common\smallrye-common-cpu\2.3.0\smallrye-common-cpu-2.3.0.jar;C:\Users\bkuch\.m2\repository\io\smallrye\common\smallrye-common-expression\2.3.0\smallrye-common-expression-2.3.0.jar;C:\Users\bkuch\.m2\repository\io\smallrye\common\smallrye-common-function\2.3.0\smallrye-common-function-2.3.0.jar;C:\Users\bkuch\.m2\repository\io\smallrye\common\smallrye-common-net\2.3.0\smallrye-common-net-2.3.0.jar;C:\Users\bkuch\.m2\repository\io\smallrye\common\smallrye-common-ref\2.3.0\smallrye-common-ref-2.3.0.jar;C:\Users\bkuch\.m2\repository\jakarta\json\jakarta.json-api\2.1.3\jakarta.json-api-2.1.3.jar;C:\Users\bkuch\.m2\repository\org\eclipse\parsson\parsson\1.1.6\parsson-1.1.6.jar;C:\Users\bkuch\.m2\repository\org\jboss\logging\jboss-logging-annotations\2.2.1.Final\jboss-logging-annotations-2.2.1.Final.jar;C:\Users\bkuch\.m2\repository\org\jboss\threads\jboss-threads\3.6.1.Final\jboss-threads-3.6.1.Final.jar;C:\Users\bkuch\.m2\repository\org\slf4j\slf4j-api\2.0.6\slf4j-api-2.0.6.jar;C:\Users\bkuch\.m2\repository\io\quarkus\quarkus-bootstrap-runner\3.11.1\quarkus-bootstrap-runner-3.11.1.jar;C:\Users\bkuch\.m2\repository\io\github\crac\org-crac\0.1.3\org-crac-0.1.3.jar;C:\Users\bkuch\.m2\repository\io\quarkus\quarkus-fs-util\0.0.10\quarkus-fs-util-0.0.10.jar;C:\Users\bkuch\.m2\repository\io\quarkus\quarkus-test-common\3.11.1\quarkus-test-common-3.11.1.jar;C:\Users\bkuch\.m2\repository\io\quarkus\quarkus-bootstrap-maven-resolver\3.11.1\quarkus-bootstrap-maven-resolver-3.11.1.jar;C:\Users\bkuch\.m2\repository\io\smallrye\beanbag\smallrye-beanbag-maven\1.4.1\smallrye-beanbag-maven-1.4.1.jar;C:\Users\bkuch\.m2\repository\io\smallrye\beanbag\smallrye-beanbag-sisu\1.4.1\smallrye-beanbag-sisu-1.4.1.jar;C:\Users\bkuch\.m2\repository\io\smallrye\beanbag\smallrye-beanbag\1.4.1\smallrye-beanbag-1.4.1.jar;C:\Users\bkuch\.m2\repository\commons-codec\commons-codec\1.17.0\commons-codec-1.17.0.jar;C:\Users\bkuch\.m2\repository\javax\inject\javax.inject\1\javax.inject-1.jar;C:\Users\bkuch\.m2\repository\org\apache\httpcomponents\httpclient\4.5.14\httpclient-4.5.14.jar;C:\Users\bkuch\.m2\repository\org\apache\httpcomponents\httpcore\4.4.16\httpcore-4.4.16.jar;C:\Users\bkuch\.m2\repository\org\apache\maven\maven-artifact\3.9.6\maven-artifact-3.9.6.jar;C:\Users\bkuch\.m2\repository\org\apache\maven\maven-builder-support\3.9.6\maven-builder-support-3.9.6.jar;C:\Users\bkuch\.m2\repository\org\apache\maven\maven-model\3.9.6\maven-model-3.9.6.jar;C:\Users\bkuch\.m2\repository\org\apache\maven\maven-model-builder\3.9.6\maven-model-builder-3.9.6.jar;C:\Users\bkuch\.m2\repository\org\apache\maven\maven-repository-metadata\3.9.6\maven-repository-metadata-3.9.6.jar;C:\Users\bkuch\.m2\repository\org\apache\maven\maven-settings\3.9.6\maven-settings-3.9.6.jar;C:\Users\bkuch\.m2\repository\org\apache\maven\resolver\maven-resolver-api\1.9.18\maven-resolver-api-1.9.18.jar;C:\Users\bkuch\.m2\repository\org\apache\maven\resolver\maven-resolver-impl\1.9.18\maven-resolver-impl-1.9.18.jar;C:\Users\bkuch\.m2\repository\org\apache\maven\resolver\maven-resolver-named-locks\1.9.18\maven-resolver-named-locks-1.9.18.jar;C:\Users\bkuch\.m2\repository\org\apache\maven\resolver\maven-resolver-spi\1.9.18\maven-resolver-spi-1.9.18.jar;C:\Users\bkuch\.m2\repository\org\apache\maven\resolver\maven-resolver-util\1.9.18\maven-resolver-util-1.9.18.jar;C:\Users\bkuch\.m2\repository\org\apache\maven\resolver\maven-resolver-transport-http\1.9.18\maven-resolver-transport-http-1.9.18.jar;C:\Users\bkuch\.m2\repository\org\apache\maven\wagon\wagon-provider-api\3.5.3\wagon-provider-api-3.5.3.jar;C:\Users\bkuch\.m2\repository\org\apache\maven\wagon\wagon-http-shared\3.5.3\wagon-http-shared-3.5.3.jar;C:\Users\bkuch\.m2\repository\org\codehaus\plexus\plexus-interpolation\1.26\plexus-interpolation-1.26.jar;C:\Users\bkuch\.m2\repository\org\codehaus\plexus\plexus-utils\3.5.1\plexus-utils-3.5.1.jar;C:\Users\bkuch\.m2\repository\org\codehaus\plexus\plexus-xml\4.0.0\plexus-xml-4.0.0.jar;C:\Users\bkuch\.m2\repository\org\apache\maven\maven-xml-impl\4.0.0-alpha-5\maven-xml-impl-4.0.0-alpha-5.jar;C:\Users\bkuch\.m2\repository\org\apache\maven\maven-api-xml\4.0.0-alpha-5\maven-api-xml-4.0.0-alpha-5.jar;C:\Users\bkuch\.m2\repository\org\apache\maven\maven-api-meta\4.0.0-alpha-5\maven-api-meta-4.0.0-alpha-5.jar;C:\Users\bkuch\.m2\repository\org\codehaus\plexus\plexus-cipher\2.0\plexus-cipher-2.0.jar;C:\Users\bkuch\.m2\repository\org\codehaus\plexus\plexus-sec-dispatcher\2.0\plexus-sec-dispatcher-2.0.jar;C:\Users\bkuch\.m2\repository\org\apache\maven\maven-embedder\3.9.6\maven-embedder-3.9.6.jar;C:\Users\bkuch\.m2\repository\org\apache\maven\maven-core\3.9.6\maven-core-3.9.6.jar;C:\Users\bkuch\.m2\repository\org\codehaus\plexus\plexus-component-annotations\2.1.0\plexus-component-annotations-2.1.0.jar;C:\Users\bkuch\.m2\repository\org\apache\maven\maven-plugin-api\3.9.6\maven-plugin-api-3.9.6.jar;C:\Users\bkuch\.m2\repository\org\apache\maven\shared\maven-shared-utils\3.3.4\maven-shared-utils-3.3.4.jar;C:\Users\bkuch\.m2\repository\com\google\inject\guice\5.1.0\guice-5.1.0.jar;C:\Users\bkuch\.m2\repository\aopalliance\aopalliance\1.0\aopalliance-1.0.jar;C:\Users\bkuch\.m2\repository\com\google\guava\guava\33.2.0-jre\guava-33.2.0-jre.jar;C:\Users\bkuch\.m2\repository\com\google\guava\failureaccess\1.0.1\failureaccess-1.0.1.jar;C:\Users\bkuch\.m2\repository\javax\annotation\javax.annotation-api\1.3.2\javax.annotation-api-1.3.2.jar;C:\Users\bkuch\.m2\repository\org\codehaus\plexus\plexus-classworlds\2.6.0\plexus-classworlds-2.6.0.jar;C:\Users\bkuch\.m2\repository\commons-cli\commons-cli\1.5.0\commons-cli-1.5.0.jar;C:\Users\bkuch\.m2\repository\org\eclipse\sisu\org.eclipse.sisu.plexus\0.9.0.M2\org.eclipse.sisu.plexus-0.9.0.M2.jar;C:\Users\bkuch\.m2\repository\org\apache\maven\maven-settings-builder\3.9.6\maven-settings-builder-3.9.6.jar;C:\Users\bkuch\.m2\repository\org\apache\maven\maven-resolver-provider\3.9.6\maven-resolver-provider-3.9.6.jar;C:\Users\bkuch\.m2\repository\org\apache\maven\resolver\maven-resolver-connector-basic\1.9.18\maven-resolver-connector-basic-1.9.18.jar;C:\Users\bkuch\.m2\repository\org\apache\maven\resolver\maven-resolver-transport-wagon\1.9.18\maven-resolver-transport-wagon-1.9.18.jar;C:\Users\bkuch\.m2\repository\org\apache\maven\wagon\wagon-http\3.5.3\wagon-http-3.5.3.jar;C:\Users\bkuch\.m2\repository\org\apache\maven\wagon\wagon-file\3.5.3\wagon-file-3.5.3.jar;C:\Users\bkuch\.m2\repository\io\quarkus\quarkus-bootstrap-gradle-resolver\3.11.1\quarkus-bootstrap-gradle-resolver-3.11.1.jar;C:\Users\bkuch\.m2\repository\commons-io\commons-io\2.16.1\commons-io-2.16.1.jar;C:\Users\bkuch\.m2\repository\org\jboss\logging\commons-logging-jboss-logging\1.0.0.Final\commons-logging-jboss-logging-1.0.0.Final.jar;C:\Users\bkuch\.m2\repository\jakarta\enterprise\jakarta.enterprise.cdi-api\4.1.0\jakarta.enterprise.cdi-api-4.1.0.jar;C:\Users\bkuch\.m2\repository\jakarta\enterprise\jakarta.enterprise.lang-model\4.1.0\jakarta.enterprise.lang-model-4.1.0.jar;C:\Users\bkuch\.m2\repository\jakarta\el\jakarta.el-api\5.0.1\jakarta.el-api-5.0.1.jar;C:\Users\bkuch\.m2\repository\jakarta\interceptor\jakarta.interceptor-api\2.2.0\jakarta.interceptor-api-2.2.0.jar;C:\Users\bkuch\.m2\repository\io\quarkus\quarkus-devtools-utilities\3.11.1\quarkus-devtools-utilities-3.11.1.jar;C:\Users\bkuch\.m2\repository\org\awaitility\awaitility\4.2.1\awaitility-4.2.1.jar;C:\Users\bkuch\.m2\repository\org\hamcrest\hamcrest\2.2\hamcrest-2.2.jar;C:\Users\bkuch\.m2\repository\io\quarkus\quarkus-scheduler-deployment\3.11.1\quarkus-scheduler-deployment-3.11.1.jar;C:\Users\bkuch\.m2\repository\io\quarkus\quarkus-virtual-threads-deployment\3.11.1\quarkus-virtual-threads-deployment-3.11.1.jar;C:\Users\bkuch\.m2\repository\io\quarkus\quarkus-vertx-deployment\3.11.1\quarkus-vertx-deployment-3.11.1.jar;C:\Users\bkuch\.m2\repository\io\quarkus\quarkus-netty-deployment\3.11.1\quarkus-netty-deployment-3.11.1.jar;C:\Users\bkuch\.m2\repository\io\vertx\vertx-web\4.5.7\vertx-web-4.5.7.jar;C:\Users\bkuch\.m2\repository\io\vertx\vertx-web-common\4.5.7\vertx-web-common-4.5.7.jar;C:\Users\bkuch\.m2\repository\io\vertx\vertx-auth-common\4.5.7\vertx-auth-common-4.5.7.jar;C:\Users\bkuch\.m2\repository\io\vertx\vertx-bridge-common\4.5.7\vertx-bridge-common-4.5.7.jar;C:\Users\bkuch\.m2\repository\io\quarkus\quarkus-mutiny-deployment\3.11.1\quarkus-mutiny-deployment-3.11.1.jar;C:\Users\bkuch\.m2\repository\io\quarkus\quarkus-smallrye-context-propagation-deployment\3.11.1\quarkus-smallrye-context-propagation-deployment-3.11.1.jar;"/>
    <property name="java.vm.vendor" value="Oracle Corporation"/>
    <property name="sun.arch.data.model" value="64"/>
    <property name="user.variant" value=""/>
    <property name="java.vendor.url" value="https://java.oracle.com/"/>
    <property name="user.timezone" value="Europe/Warsaw"/>
    <property name="logging.initial-configurator.min-level" value="500"/>
    <property name="os.name" value="Windows 11"/>
    <property name="java.vm.specification.version" value="20"/>
    <property name="sun.java.launcher" value="SUN_STANDARD"/>
    <property name="user.country" value="PL"/>
    <property name="groovy.use.classvalue" value="false"/>
    <property name="sun.boot.library.path" value="C:\Users\bkuch\.jdks\openjdk-20.0.1\bin"/>
    <property name="sun.java.command" value="C:\Users\bkuch\AppData\Local\Temp\surefire15528630867130421056\surefirebooter-20241219170526331_3.jar C:\Users\bkuch\AppData\Local\Temp\surefire15528630867130421056 2024-12-19T17-05-22_191-jvmRun1 surefire-20241219170526331_1tmp surefire_0-20241219170526331_2tmp"/>
    <property name="jdk.debug" value="release"/>
    <property name="maven.home" value="C:\Tools\apache-maven-3.9.3"/>
    <property name="surefire.test.class.path" value="C:\Users\bkuch\OneDrive\Pulpit\App\PIH\projekty\illchess\messaging\inbox-outbox\inbox-outbox-quarkus\deployment\target\test-classes;C:\Users\bkuch\OneDrive\Pulpit\App\PIH\projekty\illchess\messaging\inbox-outbox\inbox-outbox-quarkus\deployment\target\classes;C:\Users\bkuch\.m2\repository\io\quarkus\quarkus-arc-deployment\3.11.1\quarkus-arc-deployment-3.11.1.jar;C:\Users\bkuch\.m2\repository\io\quarkus\quarkus-core-deployment\3.11.1\quarkus-core-deployment-3.11.1.jar;C:\Users\bkuch\.m2\repository\io\quarkus\quarkus-classloader-commons\3.11.1\quarkus-classloader-commons-3.11.1.jar;C:\Users\bkuch\.m2\repository\org\aesh\readline\2.4\readline-2.4.jar;C:\Users\bkuch\.m2\repository\org\fusesource\jansi\jansi\2.4.0\jansi-2.4.0.jar;C:\Users\bkuch\.m2\repository\org\aesh\aesh\2.7\aesh-2.7.jar;C:\Users\bkuch\.m2\repository\org\apache\commons\commons-lang3\3.14.0\commons-lang3-3.14.0.jar;C:\Users\bkuch\.m2\repository\org\wildfly\common\wildfly-common\1.7.0.Final\wildfly-common-1.7.0.Final.jar;C:\Users\bkuch\.m2\repository\io\quarkus\gizmo\gizmo\1.8.0\gizmo-1.8.0.jar;C:\Users\bkuch\.m2\repository\org\ow2\asm\asm-util\9.7\asm-util-9.7.jar;C:\Users\bkuch\.m2\repository\org\ow2\asm\asm-analysis\9.7\asm-analysis-9.7.jar;C:\Users\bkuch\.m2\repository\io\smallrye\jandex\3.1.8\jandex-3.1.8.jar;C:\Users\bkuch\.m2\repository\org\ow2\asm\asm\9.7\asm-9.7.jar;C:\Users\bkuch\.m2\repository\org\ow2\asm\asm-commons\9.7\asm-commons-9.7.jar;C:\Users\bkuch\.m2\repository\org\ow2\asm\asm-tree\9.7\asm-tree-9.7.jar;C:\Users\bkuch\.m2\repository\io\quarkus\quarkus-development-mode-spi\3.11.1\quarkus-development-mode-spi-3.11.1.jar;C:\Users\bkuch\.m2\repository\io\quarkus\quarkus-hibernate-validator-spi\3.11.1\quarkus-hibernate-validator-spi-3.11.1.jar;C:\Users\bkuch\.m2\repository\io\quarkus\quarkus-class-change-agent\3.11.1\quarkus-class-change-agent-3.11.1.jar;C:\Users\bkuch\.m2\repository\io\quarkus\quarkus-bootstrap-core\3.11.1\quarkus-bootstrap-core-3.11.1.jar;C:\Users\bkuch\.m2\repository\io\quarkus\quarkus-bootstrap-app-model\3.11.1\quarkus-bootstrap-app-model-3.11.1.jar;C:\Users\bkuch\.m2\repository\io\smallrye\common\smallrye-common-io\2.3.0\smallrye-common-io-2.3.0.jar;C:\Users\bkuch\.m2\repository\org\eclipse\sisu\org.eclipse.sisu.inject\0.9.0.M2\org.eclipse.sisu.inject-0.9.0.M2.jar;C:\Users\bkuch\.m2\repository\io\quarkus\quarkus-builder\3.11.1\quarkus-builder-3.11.1.jar;C:\Users\bkuch\.m2\repository\org\graalvm\sdk\nativeimage\23.1.2\nativeimage-23.1.2.jar;C:\Users\bkuch\.m2\repository\org\graalvm\sdk\word\23.1.2\word-23.1.2.jar;C:\Users\bkuch\.m2\repository\org\junit\platform\junit-platform-launcher\1.10.2\junit-platform-launcher-1.10.2.jar;C:\Users\bkuch\.m2\repository\org\junit\jupiter\junit-jupiter\5.10.2\junit-jupiter-5.10.2.jar;C:\Users\bkuch\.m2\repository\io\quarkus\quarkus-smallrye-context-propagation-spi\3.11.1\quarkus-smallrye-context-propagation-spi-3.11.1.jar;C:\Users\bkuch\.m2\repository\org\eclipse\microprofile\context-propagation\microprofile-context-propagation-api\1.3\microprofile-context-propagation-api-1.3.jar;C:\Users\bkuch\.m2\repository\io\quarkus\quarkus-vertx-http-dev-ui-spi\3.11.1\quarkus-vertx-http-dev-ui-spi-3.11.1.jar;C:\Users\bkuch\.m2\repository\io\quarkus\quarkus-arc\3.11.1\quarkus-arc-3.11.1.jar;C:\Users\bkuch\.m2\repository\io\quarkus\arc\arc\3.11.1\arc-3.11.1.jar;C:\Users\bkuch\.m2\repository\jakarta\transaction\jakarta.transaction-api\2.0.1\jakarta.transaction-api-2.0.1.jar;C:\Users\bkuch\.m2\repository\io\smallrye\reactive\mutiny\2.6.0\mutiny-2.6.0.jar;C:\Users\bkuch\.m2\repository\org\jctools\jctools-core\4.0.3\jctools-core-4.0.3.jar;C:\Users\bkuch\.m2\repository\io\quarkus\arc\arc-processor\3.11.1\arc-processor-3.11.1.jar;C:\Users\bkuch\.m2\repository\org\jboss\logging\jboss-logging\3.5.3.Final\jboss-logging-3.5.3.Final.jar;C:\Users\bkuch\.m2\repository\jakarta\annotation\jakarta.annotation-api\3.0.0\jakarta.annotation-api-3.0.0.jar;C:\Users\bkuch\.m2\repository\io\quarkus\quarkus-arc-test-supplement\3.11.1\quarkus-arc-test-supplement-3.11.1.jar;C:\Users\bkuch\.m2\repository\io\quarkus\quarkus-kotlin-deployment\3.11.1\quarkus-kotlin-deployment-3.11.1.jar;C:\Users\bkuch\.m2\repository\io\quarkus\quarkus-kotlin\3.11.1\quarkus-kotlin-3.11.1.jar;C:\Users\bkuch\.m2\repository\org\jetbrains\annotations\24.1.0\annotations-24.1.0.jar;C:\Users\bkuch\.m2\repository\org\jetbrains\kotlin\kotlin-stdlib-jdk8\1.9.23\kotlin-stdlib-jdk8-1.9.23.jar;C:\Users\bkuch\.m2\repository\org\jetbrains\kotlin\kotlin-stdlib-jdk7\1.9.23\kotlin-stdlib-jdk7-1.9.23.jar;C:\Users\bkuch\.m2\repository\org\jetbrains\kotlin\kotlin-reflect\1.9.23\kotlin-reflect-1.9.23.jar;C:\Users\bkuch\.m2\repository\io\smallrye\reactive\mutiny-kotlin\2.6.0\mutiny-kotlin-2.6.0.jar;C:\Users\bkuch\.m2\repository\io\smallrye\smallrye-fault-tolerance-kotlin\6.3.0\smallrye-fault-tolerance-kotlin-6.3.0.jar;C:\Users\bkuch\.m2\repository\org\jetbrains\kotlinx\kotlinx-coroutines-jdk8\1.8.1\kotlinx-coroutines-jdk8-1.8.1.jar;C:\Users\bkuch\.m2\repository\org\jetbrains\kotlinx\kotlinx-coroutines-core-jvm\1.8.1\kotlinx-coroutines-core-jvm-1.8.1.jar;C:\Users\bkuch\.m2\repository\io\quarkus\quarkus-jackson-spi\3.11.1\quarkus-jackson-spi-3.11.1.jar;C:\Users\bkuch\.m2\repository\org\jetbrains\kotlin\kotlin-compiler\1.9.23\kotlin-compiler-1.9.23.jar;C:\Users\bkuch\.m2\repository\org\jetbrains\kotlin\kotlin-script-runtime\1.9.23\kotlin-script-runtime-1.9.23.jar;C:\Users\bkuch\.m2\repository\org\jetbrains\intellij\deps\trove4j\1.0.20200330\trove4j-1.0.20200330.jar;C:\Users\bkuch\.m2\repository\org\jetbrains\kotlinx\kotlinx-coroutines-core\1.8.1\kotlinx-coroutines-core-1.8.1.jar;C:\Users\bkuch\OneDrive\Pulpit\App\PIH\projekty\illchess\messaging\inbox-outbox\inbox-outbox-quarkus\runtime\target\inbox-outbox-quarkus-1.0.0-SNAPSHOT.jar;C:\Users\bkuch\.m2\repository\org\jetbrains\kotlin\kotlin-stdlib\2.0.20-Beta2\kotlin-stdlib-2.0.20-Beta2.jar;C:\Users\bkuch\.m2\repository\io\quarkus\quarkus-scheduler\3.11.1\quarkus-scheduler-3.11.1.jar;C:\Users\bkuch\.m2\repository\io\quarkus\quarkus-scheduler-kotlin\3.11.1\quarkus-scheduler-kotlin-3.11.1.jar;C:\Users\bkuch\.m2\repository\io\quarkus\quarkus-scheduler-common\3.11.1\quarkus-scheduler-common-3.11.1.jar;C:\Users\bkuch\.m2\repository\io\quarkus\quarkus-scheduler-api\3.11.1\quarkus-scheduler-api-3.11.1.jar;C:\Users\bkuch\.m2\repository\io\quarkus\quarkus-scheduler-spi\3.11.1\quarkus-scheduler-spi-3.11.1.jar;C:\Users\bkuch\.m2\repository\io\opentelemetry\instrumentation\opentelemetry-instrumentation-api\1.32.0\opentelemetry-instrumentation-api-1.32.0.jar;C:\Users\bkuch\.m2\repository\io\opentelemetry\opentelemetry-api\1.32.0\opentelemetry-api-1.32.0.jar;C:\Users\bkuch\.m2\repository\io\opentelemetry\opentelemetry-context\1.32.0\opentelemetry-context-1.32.0.jar;C:\Users\bkuch\.m2\repository\io\opentelemetry\opentelemetry-extension-incubator\1.32.0-alpha\opentelemetry-extension-incubator-1.32.0-alpha.jar;C:\Users\bkuch\.m2\repository\com\cronutils\cron-utils\9.2.1\cron-utils-9.2.1.jar;C:\Users\bkuch\.m2\repository\io\quarkus\quarkus-virtual-threads\3.11.1\quarkus-virtual-threads-3.11.1.jar;C:\Users\bkuch\.m2\repository\io\vertx\vertx-core\4.5.7\vertx-core-4.5.7.jar;C:\Users\bkuch\.m2\repository\io\netty\netty-common\4.1.108.Final\netty-common-4.1.108.Final.jar;C:\Users\bkuch\.m2\repository\io\netty\netty-buffer\4.1.108.Final\netty-buffer-4.1.108.Final.jar;C:\Users\bkuch\.m2\repository\io\netty\netty-transport\4.1.108.Final\netty-transport-4.1.108.Final.jar;C:\Users\bkuch\.m2\repository\io\netty\netty-handler\4.1.108.Final\netty-handler-4.1.108.Final.jar;C:\Users\bkuch\.m2\repository\io\netty\netty-transport-native-unix-common\4.1.108.Final\netty-transport-native-unix-common-4.1.108.Final.jar;C:\Users\bkuch\.m2\repository\io\netty\netty-handler-proxy\4.1.108.Final\netty-handler-proxy-4.1.108.Final.jar;C:\Users\bkuch\.m2\repository\io\netty\netty-codec-socks\4.1.108.Final\netty-codec-socks-4.1.108.Final.jar;C:\Users\bkuch\.m2\repository\io\netty\netty-codec-http\4.1.108.Final\netty-codec-http-4.1.108.Final.jar;C:\Users\bkuch\.m2\repository\io\netty\netty-codec-http2\4.1.108.Final\netty-codec-http2-4.1.108.Final.jar;C:\Users\bkuch\.m2\repository\io\netty\netty-resolver\4.1.108.Final\netty-resolver-4.1.108.Final.jar;C:\Users\bkuch\.m2\repository\io\netty\netty-resolver-dns\4.1.108.Final\netty-resolver-dns-4.1.108.Final.jar;C:\Users\bkuch\.m2\repository\io\netty\netty-codec-dns\4.1.108.Final\netty-codec-dns-4.1.108.Final.jar;C:\Users\bkuch\.m2\repository\com\fasterxml\jackson\core\jackson-core\2.17.1\jackson-core-2.17.1.jar;C:\Users\bkuch\.m2\repository\io\quarkus\quarkus-vertx\3.11.1\quarkus-vertx-3.11.1.jar;C:\Users\bkuch\.m2\repository\io\quarkus\quarkus-netty\3.11.1\quarkus-netty-3.11.1.jar;C:\Users\bkuch\.m2\repository\io\netty\netty-codec\4.1.108.Final\netty-codec-4.1.108.Final.jar;C:\Users\bkuch\.m2\repository\com\aayushatharva\brotli4j\brotli4j\1.16.0\brotli4j-1.16.0.jar;C:\Users\bkuch\.m2\repository\com\aayushatharva\brotli4j\service\1.16.0\service-1.16.0.jar;C:\Users\bkuch\.m2\repository\com\aayushatharva\brotli4j\native-windows-x86_64\1.16.0\native-windows-x86_64-1.16.0.jar;C:\Users\bkuch\.m2\repository\io\netty\netty-codec-haproxy\4.1.108.Final\netty-codec-haproxy-4.1.108.Final.jar;C:\Users\bkuch\.m2\repository\io\smallrye\common\smallrye-common-annotation\2.3.0\smallrye-common-annotation-2.3.0.jar;C:\Users\bkuch\.m2\repository\io\smallrye\common\smallrye-common-vertx-context\2.3.0\smallrye-common-vertx-context-2.3.0.jar;C:\Users\bkuch\.m2\repository\io\quarkus\quarkus-mutiny\3.11.1\quarkus-mutiny-3.11.1.jar;C:\Users\bkuch\.m2\repository\io\quarkus\quarkus-smallrye-context-propagation\3.11.1\quarkus-smallrye-context-propagation-3.11.1.jar;C:\Users\bkuch\.m2\repository\io\smallrye\smallrye-context-propagation\2.1.0\smallrye-context-propagation-2.1.0.jar;C:\Users\bkuch\.m2\repository\io\smallrye\smallrye-context-propagation-api\2.1.0\smallrye-context-propagation-api-2.1.0.jar;C:\Users\bkuch\.m2\repository\io\smallrye\smallrye-context-propagation-storage\2.1.0\smallrye-context-propagation-storage-2.1.0.jar;C:\Users\bkuch\.m2\repository\io\smallrye\reactive\mutiny-smallrye-context-propagation\2.6.0\mutiny-smallrye-context-propagation-2.6.0.jar;C:\Users\bkuch\.m2\repository\io\quarkus\quarkus-vertx-latebound-mdc-provider\3.11.1\quarkus-vertx-latebound-mdc-provider-3.11.1.jar;C:\Users\bkuch\.m2\repository\io\smallrye\reactive\smallrye-mutiny-vertx-core\3.12.0\smallrye-mutiny-vertx-core-3.12.0.jar;C:\Users\bkuch\.m2\repository\io\smallrye\reactive\smallrye-mutiny-vertx-runtime\3.12.0\smallrye-mutiny-vertx-runtime-3.12.0.jar;C:\Users\bkuch\.m2\repository\io\smallrye\reactive\vertx-mutiny-generator\3.12.0\vertx-mutiny-generator-3.12.0.jar;C:\Users\bkuch\.m2\repository\io\vertx\vertx-codegen\4.5.7\vertx-codegen-4.5.7.jar;C:\Users\bkuch\.m2\repository\io\smallrye\smallrye-fault-tolerance-vertx\6.3.0\smallrye-fault-tolerance-vertx-6.3.0.jar;C:\Users\bkuch\.m2\repository\org\jboss\slf4j\slf4j-jboss-logmanager\2.0.0.Final\slf4j-jboss-logmanager-2.0.0.Final.jar;C:\Users\bkuch\.m2\repository\org\glassfish\expressly\expressly\5.0.0\expressly-5.0.0.jar;C:\Users\bkuch\OneDrive\Pulpit\App\PIH\projekty\illchess\messaging\inbox-outbox\inbox-outbox-commons\target\inbox-outbox-commons-1.0.0-SNAPSHOT.jar;C:\Users\bkuch\.m2\repository\io\quarkus\quarkus-junit5-internal\3.11.1\quarkus-junit5-internal-3.11.1.jar;C:\Users\bkuch\.m2\repository\org\jboss\shrinkwrap\shrinkwrap-api\1.2.6\shrinkwrap-api-1.2.6.jar;C:\Users\bkuch\.m2\repository\org\jboss\shrinkwrap\shrinkwrap-spi\1.2.6\shrinkwrap-spi-1.2.6.jar;C:\Users\bkuch\.m2\repository\org\jboss\shrinkwrap\shrinkwrap-impl-base\1.2.6\shrinkwrap-impl-base-1.2.6.jar;C:\Users\bkuch\.m2\repository\org\junit\jupiter\junit-jupiter-api\5.10.2\junit-jupiter-api-5.10.2.jar;C:\Users\bkuch\.m2\repository\org\opentest4j\opentest4j\1.3.0\opentest4j-1.3.0.jar;C:\Users\bkuch\.m2\repository\org\junit\platform\junit-platform-commons\1.10.2\junit-platform-commons-1.10.2.jar;C:\Users\bkuch\.m2\repository\org\apiguardian\apiguardian-api\1.1.2\apiguardian-api-1.1.2.jar;C:\Users\bkuch\.m2\repository\org\junit\jupiter\junit-jupiter-params\5.10.2\junit-jupiter-params-5.10.2.jar;C:\Users\bkuch\.m2\repository\org\junit\jupiter\junit-jupiter-engine\5.10.2\junit-jupiter-engine-5.10.2.jar;C:\Users\bkuch\.m2\repository\org\junit\platform\junit-platform-engine\1.10.2\junit-platform-engine-1.10.2.jar;C:\Users\bkuch\.m2\repository\io\quarkus\quarkus-core\3.11.1\quarkus-core-3.11.1.jar;C:\Users\bkuch\.m2\repository\jakarta\inject\jakarta.inject-api\2.0.1\jakarta.inject-api-2.0.1.jar;C:\Users\bkuch\.m2\repository\io\smallrye\common\smallrye-common-os\2.3.0\smallrye-common-os-2.3.0.jar;C:\Users\bkuch\.m2\repository\io\quarkus\quarkus-ide-launcher\3.11.1\quarkus-ide-launcher-3.11.1.jar;C:\Users\bkuch\.m2\repository\io\smallrye\config\smallrye-config\3.8.1\smallrye-config-3.8.1.jar;C:\Users\bkuch\.m2\repository\io\smallrye\config\smallrye-config-core\3.8.1\smallrye-config-core-3.8.1.jar;C:\Users\bkuch\.m2\repository\org\eclipse\microprofile\config\microprofile-config-api\3.1\microprofile-config-api-3.1.jar;C:\Users\bkuch\.m2\repository\io\smallrye\common\smallrye-common-classloader\2.3.0\smallrye-common-classloader-2.3.0.jar;C:\Users\bkuch\.m2\repository\io\smallrye\config\smallrye-config-common\3.8.1\smallrye-config-common-3.8.1.jar;C:\Users\bkuch\.m2\repository\org\jboss\logmanager\jboss-logmanager\3.0.6.Final\jboss-logmanager-3.0.6.Final.jar;C:\Users\bkuch\.m2\repository\io\smallrye\common\smallrye-common-constraint\2.3.0\smallrye-common-constraint-2.3.0.jar;C:\Users\bkuch\.m2\repository\io\smallrye\common\smallrye-common-cpu\2.3.0\smallrye-common-cpu-2.3.0.jar;C:\Users\bkuch\.m2\repository\io\smallrye\common\smallrye-common-expression\2.3.0\smallrye-common-expression-2.3.0.jar;C:\Users\bkuch\.m2\repository\io\smallrye\common\smallrye-common-function\2.3.0\smallrye-common-function-2.3.0.jar;C:\Users\bkuch\.m2\repository\io\smallrye\common\smallrye-common-net\2.3.0\smallrye-common-net-2.3.0.jar;C:\Users\bkuch\.m2\repository\io\smallrye\common\smallrye-common-ref\2.3.0\smallrye-common-ref-2.3.0.jar;C:\Users\bkuch\.m2\repository\jakarta\json\jakarta.json-api\2.1.3\jakarta.json-api-2.1.3.jar;C:\Users\bkuch\.m2\repository\org\eclipse\parsson\parsson\1.1.6\parsson-1.1.6.jar;C:\Users\bkuch\.m2\repository\org\jboss\logging\jboss-logging-annotations\2.2.1.Final\jboss-logging-annotations-2.2.1.Final.jar;C:\Users\bkuch\.m2\repository\org\jboss\threads\jboss-threads\3.6.1.Final\jboss-threads-3.6.1.Final.jar;C:\Users\bkuch\.m2\repository\org\slf4j\slf4j-api\2.0.6\slf4j-api-2.0.6.jar;C:\Users\bkuch\.m2\repository\io\quarkus\quarkus-bootstrap-runner\3.11.1\quarkus-bootstrap-runner-3.11.1.jar;C:\Users\bkuch\.m2\repository\io\github\crac\org-crac\0.1.3\org-crac-0.1.3.jar;C:\Users\bkuch\.m2\repository\io\quarkus\quarkus-fs-util\0.0.10\quarkus-fs-util-0.0.10.jar;C:\Users\bkuch\.m2\repository\io\quarkus\quarkus-test-common\3.11.1\quarkus-test-common-3.11.1.jar;C:\Users\bkuch\.m2\repository\io\quarkus\quarkus-bootstrap-maven-resolver\3.11.1\quarkus-bootstrap-maven-resolver-3.11.1.jar;C:\Users\bkuch\.m2\repository\io\smallrye\beanbag\smallrye-beanbag-maven\1.4.1\smallrye-beanbag-maven-1.4.1.jar;C:\Users\bkuch\.m2\repository\io\smallrye\beanbag\smallrye-beanbag-sisu\1.4.1\smallrye-beanbag-sisu-1.4.1.jar;C:\Users\bkuch\.m2\repository\io\smallrye\beanbag\smallrye-beanbag\1.4.1\smallrye-beanbag-1.4.1.jar;C:\Users\bkuch\.m2\repository\commons-codec\commons-codec\1.17.0\commons-codec-1.17.0.jar;C:\Users\bkuch\.m2\repository\javax\inject\javax.inject\1\javax.inject-1.jar;C:\Users\bkuch\.m2\repository\org\apache\httpcomponents\httpclient\4.5.14\httpclient-4.5.14.jar;C:\Users\bkuch\.m2\repository\org\apache\httpcomponents\httpcore\4.4.16\httpcore-4.4.16.jar;C:\Users\bkuch\.m2\repository\org\apache\maven\maven-artifact\3.9.6\maven-artifact-3.9.6.jar;C:\Users\bkuch\.m2\repository\org\apache\maven\maven-builder-support\3.9.6\maven-builder-support-3.9.6.jar;C:\Users\bkuch\.m2\repository\org\apache\maven\maven-model\3.9.6\maven-model-3.9.6.jar;C:\Users\bkuch\.m2\repository\org\apache\maven\maven-model-builder\3.9.6\maven-model-builder-3.9.6.jar;C:\Users\bkuch\.m2\repository\org\apache\maven\maven-repository-metadata\3.9.6\maven-repository-metadata-3.9.6.jar;C:\Users\bkuch\.m2\repository\org\apache\maven\maven-settings\3.9.6\maven-settings-3.9.6.jar;C:\Users\bkuch\.m2\repository\org\apache\maven\resolver\maven-resolver-api\1.9.18\maven-resolver-api-1.9.18.jar;C:\Users\bkuch\.m2\repository\org\apache\maven\resolver\maven-resolver-impl\1.9.18\maven-resolver-impl-1.9.18.jar;C:\Users\bkuch\.m2\repository\org\apache\maven\resolver\maven-resolver-named-locks\1.9.18\maven-resolver-named-locks-1.9.18.jar;C:\Users\bkuch\.m2\repository\org\apache\maven\resolver\maven-resolver-spi\1.9.18\maven-resolver-spi-1.9.18.jar;C:\Users\bkuch\.m2\repository\org\apache\maven\resolver\maven-resolver-util\1.9.18\maven-resolver-util-1.9.18.jar;C:\Users\bkuch\.m2\repository\org\apache\maven\resolver\maven-resolver-transport-http\1.9.18\maven-resolver-transport-http-1.9.18.jar;C:\Users\bkuch\.m2\repository\org\apache\maven\wagon\wagon-provider-api\3.5.3\wagon-provider-api-3.5.3.jar;C:\Users\bkuch\.m2\repository\org\apache\maven\wagon\wagon-http-shared\3.5.3\wagon-http-shared-3.5.3.jar;C:\Users\bkuch\.m2\repository\org\codehaus\plexus\plexus-interpolation\1.26\plexus-interpolation-1.26.jar;C:\Users\bkuch\.m2\repository\org\codehaus\plexus\plexus-utils\3.5.1\plexus-utils-3.5.1.jar;C:\Users\bkuch\.m2\repository\org\codehaus\plexus\plexus-xml\4.0.0\plexus-xml-4.0.0.jar;C:\Users\bkuch\.m2\repository\org\apache\maven\maven-xml-impl\4.0.0-alpha-5\maven-xml-impl-4.0.0-alpha-5.jar;C:\Users\bkuch\.m2\repository\org\apache\maven\maven-api-xml\4.0.0-alpha-5\maven-api-xml-4.0.0-alpha-5.jar;C:\Users\bkuch\.m2\repository\org\apache\maven\maven-api-meta\4.0.0-alpha-5\maven-api-meta-4.0.0-alpha-5.jar;C:\Users\bkuch\.m2\repository\org\codehaus\plexus\plexus-cipher\2.0\plexus-cipher-2.0.jar;C:\Users\bkuch\.m2\repository\org\codehaus\plexus\plexus-sec-dispatcher\2.0\plexus-sec-dispatcher-2.0.jar;C:\Users\bkuch\.m2\repository\org\apache\maven\maven-embedder\3.9.6\maven-embedder-3.9.6.jar;C:\Users\bkuch\.m2\repository\org\apache\maven\maven-core\3.9.6\maven-core-3.9.6.jar;C:\Users\bkuch\.m2\repository\org\codehaus\plexus\plexus-component-annotations\2.1.0\plexus-component-annotations-2.1.0.jar;C:\Users\bkuch\.m2\repository\org\apache\maven\maven-plugin-api\3.9.6\maven-plugin-api-3.9.6.jar;C:\Users\bkuch\.m2\repository\org\apache\maven\shared\maven-shared-utils\3.3.4\maven-shared-utils-3.3.4.jar;C:\Users\bkuch\.m2\repository\com\google\inject\guice\5.1.0\guice-5.1.0.jar;C:\Users\bkuch\.m2\repository\aopalliance\aopalliance\1.0\aopalliance-1.0.jar;C:\Users\bkuch\.m2\repository\com\google\guava\guava\33.2.0-jre\guava-33.2.0-jre.jar;C:\Users\bkuch\.m2\repository\com\google\guava\failureaccess\1.0.1\failureaccess-1.0.1.jar;C:\Users\bkuch\.m2\repository\javax\annotation\javax.annotation-api\1.3.2\javax.annotation-api-1.3.2.jar;C:\Users\bkuch\.m2\repository\org\codehaus\plexus\plexus-classworlds\2.6.0\plexus-classworlds-2.6.0.jar;C:\Users\bkuch\.m2\repository\commons-cli\commons-cli\1.5.0\commons-cli-1.5.0.jar;C:\Users\bkuch\.m2\repository\org\eclipse\sisu\org.eclipse.sisu.plexus\0.9.0.M2\org.eclipse.sisu.plexus-0.9.0.M2.jar;C:\Users\bkuch\.m2\repository\org\apache\maven\maven-settings-builder\3.9.6\maven-settings-builder-3.9.6.jar;C:\Users\bkuch\.m2\repository\org\apache\maven\maven-resolver-provider\3.9.6\maven-resolver-provider-3.9.6.jar;C:\Users\bkuch\.m2\repository\org\apache\maven\resolver\maven-resolver-connector-basic\1.9.18\maven-resolver-connector-basic-1.9.18.jar;C:\Users\bkuch\.m2\repository\org\apache\maven\resolver\maven-resolver-transport-wagon\1.9.18\maven-resolver-transport-wagon-1.9.18.jar;C:\Users\bkuch\.m2\repository\org\apache\maven\wagon\wagon-http\3.5.3\wagon-http-3.5.3.jar;C:\Users\bkuch\.m2\repository\org\apache\maven\wagon\wagon-file\3.5.3\wagon-file-3.5.3.jar;C:\Users\bkuch\.m2\repository\io\quarkus\quarkus-bootstrap-gradle-resolver\3.11.1\quarkus-bootstrap-gradle-resolver-3.11.1.jar;C:\Users\bkuch\.m2\repository\commons-io\commons-io\2.16.1\commons-io-2.16.1.jar;C:\Users\bkuch\.m2\repository\org\jboss\logging\commons-logging-jboss-logging\1.0.0.Final\commons-logging-jboss-logging-1.0.0.Final.jar;C:\Users\bkuch\.m2\repository\jakarta\enterprise\jakarta.enterprise.cdi-api\4.1.0\jakarta.enterprise.cdi-api-4.1.0.jar;C:\Users\bkuch\.m2\repository\jakarta\enterprise\jakarta.enterprise.lang-model\4.1.0\jakarta.enterprise.lang-model-4.1.0.jar;C:\Users\bkuch\.m2\repository\jakarta\el\jakarta.el-api\5.0.1\jakarta.el-api-5.0.1.jar;C:\Users\bkuch\.m2\repository\jakarta\interceptor\jakarta.interceptor-api\2.2.0\jakarta.interceptor-api-2.2.0.jar;C:\Users\bkuch\.m2\repository\io\quarkus\quarkus-devtools-utilities\3.11.1\quarkus-devtools-utilities-3.11.1.jar;C:\Users\bkuch\.m2\repository\org\awaitility\awaitility\4.2.1\awaitility-4.2.1.jar;C:\Users\bkuch\.m2\repository\org\hamcrest\hamcrest\2.2\hamcrest-2.2.jar;C:\Users\bkuch\.m2\repository\io\quarkus\quarkus-scheduler-deployment\3.11.1\quarkus-scheduler-deployment-3.11.1.jar;C:\Users\bkuch\.m2\repository\io\quarkus\quarkus-virtual-threads-deployment\3.11.1\quarkus-virtual-threads-deployment-3.11.1.jar;C:\Users\bkuch\.m2\repository\io\quarkus\quarkus-vertx-deployment\3.11.1\quarkus-vertx-deployment-3.11.1.jar;C:\Users\bkuch\.m2\repository\io\quarkus\quarkus-netty-deployment\3.11.1\quarkus-netty-deployment-3.11.1.jar;C:\Users\bkuch\.m2\repository\io\vertx\vertx-web\4.5.7\vertx-web-4.5.7.jar;C:\Users\bkuch\.m2\repository\io\vertx\vertx-web-common\4.5.7\vertx-web-common-4.5.7.jar;C:\Users\bkuch\.m2\repository\io\vertx\vertx-auth-common\4.5.7\vertx-auth-common-4.5.7.jar;C:\Users\bkuch\.m2\repository\io\vertx\vertx-bridge-common\4.5.7\vertx-bridge-common-4.5.7.jar;C:\Users\bkuch\.m2\repository\io\quarkus\quarkus-mutiny-deployment\3.11.1\quarkus-mutiny-deployment-3.11.1.jar;C:\Users\bkuch\.m2\repository\io\quarkus\quarkus-smallrye-context-propagation-deployment\3.11.1\quarkus-smallrye-context-propagation-deployment-3.11.1.jar;"/>
    <property name="sun.cpu.endian" value="little"/>
    <property name="user.home" value="C:\Users\bkuch"/>
    <property name="user.language" value="pl"/>
    <property name="jboss.log-version" value="false"/>
    <property name="java.specification.vendor" value="Oracle Corporation"/>
    <property name="io.netty.allocator.maxOrder" value="3"/>
    <property name="java.version.date" value="2023-04-18"/>
    <property name="java.home" value="C:\Users\bkuch\.jdks\openjdk-20.0.1"/>
    <property name="file.separator" value="\"/>
    <property name="basedir" value="C:\Users\bkuch\OneDrive\Pulpit\App\PIH\projekty\illchess\messaging\inbox-outbox\inbox-outbox-quarkus\deployment"/>
    <property name="maven.repo" value="C:\Users\bkuch\.m2\repository"/>
    <property name="java.vm.compressedOopsMode" value="Zero based"/>
    <property name="line.separator" value="&#10;"/>
    <property name="java.vm.specification.vendor" value="Oracle Corporation"/>
    <property name="java.specification.name" value="Java Platform API Specification"/>
    <property name="java.nio.channels.DefaultThreadPool.threadFactory" value="io.quarkus.dev.io.NioThreadPoolThreadFactory"/>
    <property name="surefire.real.class.path" value="C:\Users\bkuch\AppData\Local\Temp\surefire15528630867130421056\surefirebooter-20241219170526331_3.jar"/>
    <property name="user.script" value=""/>
    <property name="sun.management.compiler" value="HotSpot 64-Bit Tiered Compilers"/>
    <property name="java.runtime.version" value="20.0.1+9-29"/>
    <property name="user.name" value="bkuch"/>
    <property name="stdout.encoding" value="Cp1250"/>
    <property name="path.separator" value=";"/>
    <property name="os.version" value="10.0"/>
    <property name="java.runtime.name" value="OpenJDK Runtime Environment"/>
    <property name="file.encoding" value="UTF-8"/>
    <property name="java.vm.name" value="OpenJDK 64-Bit Server VM"/>
    <property name="localRepository" value="C:\Users\bkuch\.m2\repository"/>
    <property name="java.vendor.url.bug" value="https://bugreport.java.com/bugreport/"/>
    <property name="java.io.tmpdir" value="C:\Users\bkuch\AppData\Local\Temp\"/>
    <property name="quarkus.log.file.path" value="target\quarkus.log"/>
    <property name="java.version" value="20.0.1"/>
    <property name="java.util.concurrent.ForkJoinPool.common.threadFactory" value="io.quarkus.bootstrap.forkjoin.QuarkusForkJoinWorkerThreadFactory"/>
    <property name="user.dir" value="C:\Users\bkuch\OneDrive\Pulpit\App\PIH\projekty\illchess\messaging\inbox-outbox\inbox-outbox-quarkus\deployment"/>
    <property name="os.arch" value="amd64"/>
    <property name="java.vm.specification.name" value="Java Virtual Machine Specification"/>
    <property name="vertx.disableDnsResolver" value="true"/>
    <property name="sun.os.patch.level" value=""/>
    <property name="native.encoding" value="Cp1250"/>
    <property name="java.util.logging.manager" value="org.jboss.logmanager.LogManager"/>
    <property name="java.library.path" value="C:\Users\bkuch\.jdks\openjdk-20.0.1\bin;C:\WINDOWS\Sun\Java\bin;C:\WINDOWS\system32;C:\WINDOWS;C:\Windows\system32;C:\Windows;C:\Windows\System32\Wbem;C:\Windows\System32\WindowsPowerShell\v1.0\;C:\Windows\System32\OpenSSH\;C:\Program Files (x86)\NVIDIA Corporation\PhysX\Common;C:\Program Files\NVIDIA Corporation\NVIDIA NvDLISR;C:\Program Files\Git\cmd;C:\Program Files\Azure Data Studio\bin;C:\Program Files\Docker\Docker\resources\bin;C:\ProgramData\DockerDesktop\version-bin;C:\Program Files\dotnet\;C:\WINDOWS\system32;C:\WINDOWS;C:\WINDOWS\System32\Wbem;C:\WINDOWS\System32\WindowsPowerShell\v1.0\;C:\WINDOWS\System32\OpenSSH\;C:\Users\bkuch\.jbang\bin;C:\Users\bkuch\AppData\Local\Programs\Python\Python311\Scripts\;C:\Users\bkuch\AppData\Local\Programs\Python\Python311\;C:\Tools\nodejs;C:\Users\bkuch\AppData\Local\Programs\Microsoft VS Code\bin;C:\Tools\apache-maven-3.9.3\bin;C:\Program Files\JetBrains\IntelliJ IDEA Community Edition 2023.3.5\bin;C:\Users\bkuch\AppData\Local\Microsoft\WindowsApps;C:\Tools\stockfish;C:\Users\bkuch\.jdks\openjdk-20.0.1\bin;C:\Tools\graalvm-jdk-22.0.1+8.1\bin;;."/>
    <property name="java.vm.info" value="mixed mode, sharing"/>
    <property name="stderr.encoding" value="Cp1250"/>
    <property name="java.vendor" value="Oracle Corporation"/>
    <property name="vertx.disableTCCL" value="true"/>
    <property name="java.vm.version" value="20.0.1+9-29"/>
    <property name="sun.io.unicode.encoding" value="UnicodeLittle"/>
    <property name="io.netty.machineId" value="3a:66:e8:94:2b:f9:ed:dd"/>
    <property name="java.class.version" value="64.0"/>
  </properties>
  <testcase name="writeYourOwnUnitTest" classname="pl.messaging.quarkus.test.InboxOutboxQuarkusTest" time="0.003">
    <system-out><![CDATA[2024-12-19 17:05:34,604 INFO  [io.qua.sch.run.SimpleScheduler] (main) No scheduled business methods found - Simple scheduler will not be started
2024-12-19 17:05:34,604 INFO  [io.quarkus] (main) inbox-outbox-quarkus-deployment 1.0.0-SNAPSHOT on JVM (powered by Quarkus 3.11.1) started in 0.239s. 
2024-12-19 17:05:34,605 INFO  [io.quarkus] (main) Profile test activated. 
2024-12-19 17:05:34,605 INFO  [io.quarkus] (main) Installed features: [cdi, inbox-quarkus, kotlin, scheduler, smallrye-context-propagation, vertx]
]]></system-out>
  </testcase>
</testsuite>