<?xml version="1.0" encoding="UTF-8"?>
<testsuite xmlns:xsi="http://www.w3.org/2001/XMLSchema-instance" xsi:noNamespaceSchemaLocation="https://maven.apache.org/surefire/maven-surefire-plugin/xsd/surefire-test-report-3.0.xsd" version="3.0" name="pl.messaging.InboxOutboxTest" time="9.304" tests="4" errors="0" skipped="0" failures="0">
  <properties>
    <property name="java.specification.version" value="20"/>
    <property name="sun.cpu.isalist" value="amd64"/>
    <property name="sun.jnu.encoding" value="Cp1250"/>
    <property name="java.class.path" value="C:\Users\bkuch\OneDrive\Pulpit\App\PIH\projekty\illchess\messaging\inbox-outbox\inbox-outbox-spring\target\test-classes;C:\Users\bkuch\OneDrive\Pulpit\App\PIH\projekty\illchess\messaging\inbox-outbox\inbox-outbox-spring\target\classes;C:\Users\bkuch\.m2\repository\org\jetbrains\kotlin\kotlin-stdlib\1.9.23\kotlin-stdlib-1.9.23.jar;C:\Users\bkuch\.m2\repository\org\jetbrains\annotations\13.0\annotations-13.0.jar;C:\Users\bkuch\.m2\repository\org\apache\groovy\groovy\4.0.15\groovy-4.0.15.jar;C:\Users\bkuch\.m2\repository\org\apache\groovy\groovy-ant\4.0.15\groovy-ant-4.0.15.jar;C:\Users\bkuch\.m2\repository\org\apache\ant\ant\1.10.14\ant-1.10.14.jar;C:\Users\bkuch\.m2\repository\org\apache\ant\ant-junit\1.10.14\ant-junit-1.10.14.jar;C:\Users\bkuch\.m2\repository\org\apache\ant\ant-launcher\1.10.14\ant-launcher-1.10.14.jar;C:\Users\bkuch\.m2\repository\org\apache\ant\ant-antlr\1.10.14\ant-antlr-1.10.14.jar;C:\Users\bkuch\.m2\repository\org\apache\groovy\groovy-cli-picocli\4.0.15\groovy-cli-picocli-4.0.15.jar;C:\Users\bkuch\.m2\repository\info\picocli\picocli\4.7.5\picocli-4.7.5.jar;C:\Users\bkuch\.m2\repository\org\apache\groovy\groovy-console\4.0.15\groovy-console-4.0.15.jar;C:\Users\bkuch\.m2\repository\com\github\javaparser\javaparser-core\3.25.5\javaparser-core-3.25.5.jar;C:\Users\bkuch\.m2\repository\org\ow2\asm\asm-util\9.5\asm-util-9.5.jar;C:\Users\bkuch\.m2\repository\org\ow2\asm\asm\9.5\asm-9.5.jar;C:\Users\bkuch\.m2\repository\org\ow2\asm\asm-tree\9.5\asm-tree-9.5.jar;C:\Users\bkuch\.m2\repository\org\ow2\asm\asm-analysis\9.5\asm-analysis-9.5.jar;C:\Users\bkuch\.m2\repository\org\abego\treelayout\org.abego.treelayout.core\1.0.3\org.abego.treelayout.core-1.0.3.jar;C:\Users\bkuch\.m2\repository\org\apache\ivy\ivy\2.5.2\ivy-2.5.2.jar;C:\Users\bkuch\.m2\repository\org\apache\groovy\groovy-datetime\4.0.15\groovy-datetime-4.0.15.jar;C:\Users\bkuch\.m2\repository\org\apache\groovy\groovy-docgenerator\4.0.15\groovy-docgenerator-4.0.15.jar;C:\Users\bkuch\.m2\repository\com\thoughtworks\qdox\qdox\1.12.1\qdox-1.12.1.jar;C:\Users\bkuch\.m2\repository\org\apache\groovy\groovy-groovydoc\4.0.15\groovy-groovydoc-4.0.15.jar;C:\Users\bkuch\.m2\repository\org\apache\groovy\groovy-groovysh\4.0.15\groovy-groovysh-4.0.15.jar;C:\Users\bkuch\.m2\repository\jline\jline\2.14.6\jline-2.14.6.jar;C:\Users\bkuch\.m2\repository\org\apache\groovy\groovy-jmx\4.0.15\groovy-jmx-4.0.15.jar;C:\Users\bkuch\.m2\repository\org\apache\groovy\groovy-json\4.0.15\groovy-json-4.0.15.jar;C:\Users\bkuch\.m2\repository\org\apache\groovy\groovy-jsr223\4.0.15\groovy-jsr223-4.0.15.jar;C:\Users\bkuch\.m2\repository\org\apache\groovy\groovy-macro\4.0.15\groovy-macro-4.0.15.jar;C:\Users\bkuch\.m2\repository\org\apache\groovy\groovy-nio\4.0.15\groovy-nio-4.0.15.jar;C:\Users\bkuch\.m2\repository\org\apache\groovy\groovy-servlet\4.0.15\groovy-servlet-4.0.15.jar;C:\Users\bkuch\.m2\repository\org\apache\groovy\groovy-sql\4.0.15\groovy-sql-4.0.15.jar;C:\Users\bkuch\.m2\repository\org\apache\groovy\groovy-swing\4.0.15\groovy-swing-4.0.15.jar;C:\Users\bkuch\.m2\repository\org\apache\groovy\groovy-templates\4.0.15\groovy-templates-4.0.15.jar;C:\Users\bkuch\.m2\repository\org\apache\groovy\groovy-test\4.0.15\groovy-test-4.0.15.jar;C:\Users\bkuch\.m2\repository\org\apache\groovy\groovy-test-junit5\4.0.15\groovy-test-junit5-4.0.15.jar;C:\Users\bkuch\.m2\repository\org\junit\jupiter\junit-jupiter-api\5.10.1\junit-jupiter-api-5.10.1.jar;C:\Users\bkuch\.m2\repository\org\junit\platform\junit-platform-launcher\1.10.1\junit-platform-launcher-1.10.1.jar;C:\Users\bkuch\.m2\repository\org\junit\jupiter\junit-jupiter-engine\5.10.1\junit-jupiter-engine-5.10.1.jar;C:\Users\bkuch\.m2\repository\org\apache\groovy\groovy-xml\4.0.15\groovy-xml-4.0.15.jar;C:\Users\bkuch\.m2\repository\org\apache\groovy\groovy-yaml\4.0.15\groovy-yaml-4.0.15.jar;C:\Users\bkuch\.m2\repository\com\fasterxml\jackson\dataformat\jackson-dataformat-yaml\2.15.3\jackson-dataformat-yaml-2.15.3.jar;C:\Users\bkuch\.m2\repository\org\yaml\snakeyaml\2.2\snakeyaml-2.2.jar;C:\Users\bkuch\.m2\repository\com\fasterxml\jackson\core\jackson-core\2.15.3\jackson-core-2.15.3.jar;C:\Users\bkuch\.m2\repository\com\fasterxml\jackson\core\jackson-databind\2.15.3\jackson-databind-2.15.3.jar;C:\Users\bkuch\.m2\repository\org\testcontainers\testcontainers\1.19.3\testcontainers-1.19.3.jar;C:\Users\bkuch\.m2\repository\junit\junit\4.13.2\junit-4.13.2.jar;C:\Users\bkuch\.m2\repository\org\hamcrest\hamcrest-core\2.2\hamcrest-core-2.2.jar;C:\Users\bkuch\.m2\repository\org\apache\commons\commons-compress\1.24.0\commons-compress-1.24.0.jar;C:\Users\bkuch\.m2\repository\org\rnorth\duct-tape\duct-tape\1.0.8\duct-tape-1.0.8.jar;C:\Users\bkuch\.m2\repository\com\github\docker-java\docker-java-api\3.3.4\docker-java-api-3.3.4.jar;C:\Users\bkuch\.m2\repository\com\fasterxml\jackson\core\jackson-annotations\2.15.3\jackson-annotations-2.15.3.jar;C:\Users\bkuch\.m2\repository\com\github\docker-java\docker-java-transport-zerodep\3.3.4\docker-java-transport-zerodep-3.3.4.jar;C:\Users\bkuch\.m2\repository\com\github\docker-java\docker-java-transport\3.3.4\docker-java-transport-3.3.4.jar;C:\Users\bkuch\.m2\repository\net\java\dev\jna\jna\5.13.0\jna-5.13.0.jar;C:\Users\bkuch\.m2\repository\org\testcontainers\spock\1.19.3\spock-1.19.3.jar;C:\Users\bkuch\.m2\repository\org\testcontainers\junit-jupiter\1.19.3\junit-jupiter-1.19.3.jar;C:\Users\bkuch\.m2\repository\org\spockframework\spock-spring\2.2-M3-groovy-4.0\spock-spring-2.2-M3-groovy-4.0.jar;C:\Users\bkuch\.m2\repository\org\spockframework\spock-core\2.2-M3-groovy-4.0\spock-core-2.2-M3-groovy-4.0.jar;C:\Users\bkuch\.m2\repository\org\junit\platform\junit-platform-engine\1.10.1\junit-platform-engine-1.10.1.jar;C:\Users\bkuch\.m2\repository\org\opentest4j\opentest4j\1.3.0\opentest4j-1.3.0.jar;C:\Users\bkuch\.m2\repository\org\junit\platform\junit-platform-commons\1.10.1\junit-platform-commons-1.10.1.jar;C:\Users\bkuch\.m2\repository\org\apiguardian\apiguardian-api\1.1.2\apiguardian-api-1.1.2.jar;C:\Users\bkuch\.m2\repository\org\hamcrest\hamcrest\2.2\hamcrest-2.2.jar;C:\Users\bkuch\OneDrive\Pulpit\App\PIH\projekty\illchess\messaging\inbox-outbox\inbox-outbox-commons\target\inbox-outbox-commons-1.0.0-SNAPSHOT.jar;C:\Users\bkuch\.m2\repository\org\springframework\spring-context\6.1.1\spring-context-6.1.1.jar;C:\Users\bkuch\.m2\repository\org\springframework\spring-aop\6.1.1\spring-aop-6.1.1.jar;C:\Users\bkuch\.m2\repository\org\springframework\spring-beans\6.1.1\spring-beans-6.1.1.jar;C:\Users\bkuch\.m2\repository\org\springframework\spring-core\6.1.1\spring-core-6.1.1.jar;C:\Users\bkuch\.m2\repository\org\springframework\spring-jcl\6.1.1\spring-jcl-6.1.1.jar;C:\Users\bkuch\.m2\repository\org\springframework\spring-expression\6.1.1\spring-expression-6.1.1.jar;C:\Users\bkuch\.m2\repository\io\micrometer\micrometer-observation\1.12.0\micrometer-observation-1.12.0.jar;C:\Users\bkuch\.m2\repository\io\micrometer\micrometer-commons\1.12.0\micrometer-commons-1.12.0.jar;C:\Users\bkuch\.m2\repository\jakarta\annotation\jakarta.annotation-api\2.1.1\jakarta.annotation-api-2.1.1.jar;C:\Users\bkuch\.m2\repository\org\springframework\boot\spring-boot-test\3.2.0\spring-boot-test-3.2.0.jar;C:\Users\bkuch\.m2\repository\org\springframework\boot\spring-boot\3.2.0\spring-boot-3.2.0.jar;C:\Users\bkuch\.m2\repository\org\springframework\spring-test\6.1.1\spring-test-6.1.1.jar;C:\Users\bkuch\.m2\repository\org\slf4j\slf4j-api\2.0.9\slf4j-api-2.0.9.jar;C:\Users\bkuch\.m2\repository\org\slf4j\slf4j-simple\2.0.9\slf4j-simple-2.0.9.jar;C:\Users\bkuch\.m2\repository\org\springframework\boot\spring-boot-autoconfigure\3.2.0\spring-boot-autoconfigure-3.2.0.jar;"/>
    <property name="java.vm.vendor" value="Oracle Corporation"/>
    <property name="sun.arch.data.model" value="64"/>
    <property name="user.variant" value=""/>
    <property name="java.vendor.url" value="https://java.oracle.com/"/>
    <property name="user.timezone" value="Europe/Warsaw"/>
    <property name="os.name" value="Windows 11"/>
    <property name="java.vm.specification.version" value="20"/>
    <property name="sun.java.launcher" value="SUN_STANDARD"/>
    <property name="user.country" value="PL"/>
    <property name="sun.boot.library.path" value="C:\Users\bkuch\.jdks\openjdk-20.0.1\bin"/>
    <property name="sun.java.command" value="C:\Users\bkuch\AppData\Local\Temp\surefire4604172077710638077\surefirebooter-20241219170459092_3.jar C:\Users\bkuch\AppData\Local\Temp\surefire4604172077710638077 2024-12-19T17-04-58_952-jvmRun1 surefire-20241219170459092_1tmp surefire_0-20241219170459092_2tmp"/>
    <property name="jdk.debug" value="release"/>
    <property name="surefire.test.class.path" value="C:\Users\bkuch\OneDrive\Pulpit\App\PIH\projekty\illchess\messaging\inbox-outbox\inbox-outbox-spring\target\test-classes;C:\Users\bkuch\OneDrive\Pulpit\App\PIH\projekty\illchess\messaging\inbox-outbox\inbox-outbox-spring\target\classes;C:\Users\bkuch\.m2\repository\org\jetbrains\kotlin\kotlin-stdlib\1.9.23\kotlin-stdlib-1.9.23.jar;C:\Users\bkuch\.m2\repository\org\jetbrains\annotations\13.0\annotations-13.0.jar;C:\Users\bkuch\.m2\repository\org\apache\groovy\groovy\4.0.15\groovy-4.0.15.jar;C:\Users\bkuch\.m2\repository\org\apache\groovy\groovy-ant\4.0.15\groovy-ant-4.0.15.jar;C:\Users\bkuch\.m2\repository\org\apache\ant\ant\1.10.14\ant-1.10.14.jar;C:\Users\bkuch\.m2\repository\org\apache\ant\ant-junit\1.10.14\ant-junit-1.10.14.jar;C:\Users\bkuch\.m2\repository\org\apache\ant\ant-launcher\1.10.14\ant-launcher-1.10.14.jar;C:\Users\bkuch\.m2\repository\org\apache\ant\ant-antlr\1.10.14\ant-antlr-1.10.14.jar;C:\Users\bkuch\.m2\repository\org\apache\groovy\groovy-cli-picocli\4.0.15\groovy-cli-picocli-4.0.15.jar;C:\Users\bkuch\.m2\repository\info\picocli\picocli\4.7.5\picocli-4.7.5.jar;C:\Users\bkuch\.m2\repository\org\apache\groovy\groovy-console\4.0.15\groovy-console-4.0.15.jar;C:\Users\bkuch\.m2\repository\com\github\javaparser\javaparser-core\3.25.5\javaparser-core-3.25.5.jar;C:\Users\bkuch\.m2\repository\org\ow2\asm\asm-util\9.5\asm-util-9.5.jar;C:\Users\bkuch\.m2\repository\org\ow2\asm\asm\9.5\asm-9.5.jar;C:\Users\bkuch\.m2\repository\org\ow2\asm\asm-tree\9.5\asm-tree-9.5.jar;C:\Users\bkuch\.m2\repository\org\ow2\asm\asm-analysis\9.5\asm-analysis-9.5.jar;C:\Users\bkuch\.m2\repository\org\abego\treelayout\org.abego.treelayout.core\1.0.3\org.abego.treelayout.core-1.0.3.jar;C:\Users\bkuch\.m2\repository\org\apache\ivy\ivy\2.5.2\ivy-2.5.2.jar;C:\Users\bkuch\.m2\repository\org\apache\groovy\groovy-datetime\4.0.15\groovy-datetime-4.0.15.jar;C:\Users\bkuch\.m2\repository\org\apache\groovy\groovy-docgenerator\4.0.15\groovy-docgenerator-4.0.15.jar;C:\Users\bkuch\.m2\repository\com\thoughtworks\qdox\qdox\1.12.1\qdox-1.12.1.jar;C:\Users\bkuch\.m2\repository\org\apache\groovy\groovy-groovydoc\4.0.15\groovy-groovydoc-4.0.15.jar;C:\Users\bkuch\.m2\repository\org\apache\groovy\groovy-groovysh\4.0.15\groovy-groovysh-4.0.15.jar;C:\Users\bkuch\.m2\repository\jline\jline\2.14.6\jline-2.14.6.jar;C:\Users\bkuch\.m2\repository\org\apache\groovy\groovy-jmx\4.0.15\groovy-jmx-4.0.15.jar;C:\Users\bkuch\.m2\repository\org\apache\groovy\groovy-json\4.0.15\groovy-json-4.0.15.jar;C:\Users\bkuch\.m2\repository\org\apache\groovy\groovy-jsr223\4.0.15\groovy-jsr223-4.0.15.jar;C:\Users\bkuch\.m2\repository\org\apache\groovy\groovy-macro\4.0.15\groovy-macro-4.0.15.jar;C:\Users\bkuch\.m2\repository\org\apache\groovy\groovy-nio\4.0.15\groovy-nio-4.0.15.jar;C:\Users\bkuch\.m2\repository\org\apache\groovy\groovy-servlet\4.0.15\groovy-servlet-4.0.15.jar;C:\Users\bkuch\.m2\repository\org\apache\groovy\groovy-sql\4.0.15\groovy-sql-4.0.15.jar;C:\Users\bkuch\.m2\repository\org\apache\groovy\groovy-swing\4.0.15\groovy-swing-4.0.15.jar;C:\Users\bkuch\.m2\repository\org\apache\groovy\groovy-templates\4.0.15\groovy-templates-4.0.15.jar;C:\Users\bkuch\.m2\repository\org\apache\groovy\groovy-test\4.0.15\groovy-test-4.0.15.jar;C:\Users\bkuch\.m2\repository\org\apache\groovy\groovy-test-junit5\4.0.15\groovy-test-junit5-4.0.15.jar;C:\Users\bkuch\.m2\repository\org\junit\jupiter\junit-jupiter-api\5.10.1\junit-jupiter-api-5.10.1.jar;C:\Users\bkuch\.m2\repository\org\junit\platform\junit-platform-launcher\1.10.1\junit-platform-launcher-1.10.1.jar;C:\Users\bkuch\.m2\repository\org\junit\jupiter\junit-jupiter-engine\5.10.1\junit-jupiter-engine-5.10.1.jar;C:\Users\bkuch\.m2\repository\org\apache\groovy\groovy-xml\4.0.15\groovy-xml-4.0.15.jar;C:\Users\bkuch\.m2\repository\org\apache\groovy\groovy-yaml\4.0.15\groovy-yaml-4.0.15.jar;C:\Users\bkuch\.m2\repository\com\fasterxml\jackson\dataformat\jackson-dataformat-yaml\2.15.3\jackson-dataformat-yaml-2.15.3.jar;C:\Users\bkuch\.m2\repository\org\yaml\snakeyaml\2.2\snakeyaml-2.2.jar;C:\Users\bkuch\.m2\repository\com\fasterxml\jackson\core\jackson-core\2.15.3\jackson-core-2.15.3.jar;C:\Users\bkuch\.m2\repository\com\fasterxml\jackson\core\jackson-databind\2.15.3\jackson-databind-2.15.3.jar;C:\Users\bkuch\.m2\repository\org\testcontainers\testcontainers\1.19.3\testcontainers-1.19.3.jar;C:\Users\bkuch\.m2\repository\junit\junit\4.13.2\junit-4.13.2.jar;C:\Users\bkuch\.m2\repository\org\hamcrest\hamcrest-core\2.2\hamcrest-core-2.2.jar;C:\Users\bkuch\.m2\repository\org\apache\commons\commons-compress\1.24.0\commons-compress-1.24.0.jar;C:\Users\bkuch\.m2\repository\org\rnorth\duct-tape\duct-tape\1.0.8\duct-tape-1.0.8.jar;C:\Users\bkuch\.m2\repository\com\github\docker-java\docker-java-api\3.3.4\docker-java-api-3.3.4.jar;C:\Users\bkuch\.m2\repository\com\fasterxml\jackson\core\jackson-annotations\2.15.3\jackson-annotations-2.15.3.jar;C:\Users\bkuch\.m2\repository\com\github\docker-java\docker-java-transport-zerodep\3.3.4\docker-java-transport-zerodep-3.3.4.jar;C:\Users\bkuch\.m2\repository\com\github\docker-java\docker-java-transport\3.3.4\docker-java-transport-3.3.4.jar;C:\Users\bkuch\.m2\repository\net\java\dev\jna\jna\5.13.0\jna-5.13.0.jar;C:\Users\bkuch\.m2\repository\org\testcontainers\spock\1.19.3\spock-1.19.3.jar;C:\Users\bkuch\.m2\repository\org\testcontainers\junit-jupiter\1.19.3\junit-jupiter-1.19.3.jar;C:\Users\bkuch\.m2\repository\org\spockframework\spock-spring\2.2-M3-groovy-4.0\spock-spring-2.2-M3-groovy-4.0.jar;C:\Users\bkuch\.m2\repository\org\spockframework\spock-core\2.2-M3-groovy-4.0\spock-core-2.2-M3-groovy-4.0.jar;C:\Users\bkuch\.m2\repository\org\junit\platform\junit-platform-engine\1.10.1\junit-platform-engine-1.10.1.jar;C:\Users\bkuch\.m2\repository\org\opentest4j\opentest4j\1.3.0\opentest4j-1.3.0.jar;C:\Users\bkuch\.m2\repository\org\junit\platform\junit-platform-commons\1.10.1\junit-platform-commons-1.10.1.jar;C:\Users\bkuch\.m2\repository\org\apiguardian\apiguardian-api\1.1.2\apiguardian-api-1.1.2.jar;C:\Users\bkuch\.m2\repository\org\hamcrest\hamcrest\2.2\hamcrest-2.2.jar;C:\Users\bkuch\OneDrive\Pulpit\App\PIH\projekty\illchess\messaging\inbox-outbox\inbox-outbox-commons\target\inbox-outbox-commons-1.0.0-SNAPSHOT.jar;C:\Users\bkuch\.m2\repository\org\springframework\spring-context\6.1.1\spring-context-6.1.1.jar;C:\Users\bkuch\.m2\repository\org\springframework\spring-aop\6.1.1\spring-aop-6.1.1.jar;C:\Users\bkuch\.m2\repository\org\springframework\spring-beans\6.1.1\spring-beans-6.1.1.jar;C:\Users\bkuch\.m2\repository\org\springframework\spring-core\6.1.1\spring-core-6.1.1.jar;C:\Users\bkuch\.m2\repository\org\springframework\spring-jcl\6.1.1\spring-jcl-6.1.1.jar;C:\Users\bkuch\.m2\repository\org\springframework\spring-expression\6.1.1\spring-expression-6.1.1.jar;C:\Users\bkuch\.m2\repository\io\micrometer\micrometer-observation\1.12.0\micrometer-observation-1.12.0.jar;C:\Users\bkuch\.m2\repository\io\micrometer\micrometer-commons\1.12.0\micrometer-commons-1.12.0.jar;C:\Users\bkuch\.m2\repository\jakarta\annotation\jakarta.annotation-api\2.1.1\jakarta.annotation-api-2.1.1.jar;C:\Users\bkuch\.m2\repository\org\springframework\boot\spring-boot-test\3.2.0\spring-boot-test-3.2.0.jar;C:\Users\bkuch\.m2\repository\org\springframework\boot\spring-boot\3.2.0\spring-boot-3.2.0.jar;C:\Users\bkuch\.m2\repository\org\springframework\spring-test\6.1.1\spring-test-6.1.1.jar;C:\Users\bkuch\.m2\repository\org\slf4j\slf4j-api\2.0.9\slf4j-api-2.0.9.jar;C:\Users\bkuch\.m2\repository\org\slf4j\slf4j-simple\2.0.9\slf4j-simple-2.0.9.jar;C:\Users\bkuch\.m2\repository\org\springframework\boot\spring-boot-autoconfigure\3.2.0\spring-boot-autoconfigure-3.2.0.jar;"/>
    <property name="sun.cpu.endian" value="little"/>
    <property name="user.home" value="C:\Users\bkuch"/>
    <property name="user.language" value="pl"/>
    <property name="java.specification.vendor" value="Oracle Corporation"/>
    <property name="java.version.date" value="2023-04-18"/>
    <property name="java.home" value="C:\Users\bkuch\.jdks\openjdk-20.0.1"/>
    <property name="file.separator" value="\"/>
    <property name="basedir" value="C:\Users\bkuch\OneDrive\Pulpit\App\PIH\projekty\illchess\messaging\inbox-outbox\inbox-outbox-spring"/>
    <property name="java.vm.compressedOopsMode" value="Zero based"/>
    <property name="line.separator" value="&#10;"/>
    <property name="java.vm.specification.vendor" value="Oracle Corporation"/>
    <property name="java.specification.name" value="Java Platform API Specification"/>
    <property name="FILE_LOG_CHARSET" value="UTF-8"/>
    <property name="java.awt.headless" value="true"/>
    <property name="surefire.real.class.path" value="C:\Users\bkuch\AppData\Local\Temp\surefire4604172077710638077\surefirebooter-20241219170459092_3.jar"/>
    <property name="user.script" value=""/>
    <property name="sun.management.compiler" value="HotSpot 64-Bit Tiered Compilers"/>
    <property name="java.runtime.version" value="20.0.1+9-29"/>
    <property name="user.name" value="bkuch"/>
    <property name="stdout.encoding" value="Cp1250"/>
    <property name="path.separator" value=";"/>
    <property name="os.version" value="10.0"/>
    <property name="java.runtime.name" value="OpenJDK Runtime Environment"/>
    <property name="file.encoding" value="UTF-8"/>
    <property name="java.vm.name" value="OpenJDK 64-Bit Server VM"/>
    <property name="localRepository" value="C:\Users\bkuch\.m2\repository"/>
    <property name="java.vendor.url.bug" value="https://bugreport.java.com/bugreport/"/>
    <property name="java.io.tmpdir" value="C:\Users\bkuch\AppData\Local\Temp\"/>
    <property name="java.version" value="20.0.1"/>
    <property name="user.dir" value="C:\Users\bkuch\OneDrive\Pulpit\App\PIH\projekty\illchess\messaging\inbox-outbox\inbox-outbox-spring"/>
    <property name="os.arch" value="amd64"/>
    <property name="java.vm.specification.name" value="Java Virtual Machine Specification"/>
    <property name="PID" value="2420"/>
    <property name="sun.os.patch.level" value=""/>
    <property name="CONSOLE_LOG_CHARSET" value="UTF-8"/>
    <property name="native.encoding" value="Cp1250"/>
    <property name="java.library.path" value="C:\Users\bkuch\.jdks\openjdk-20.0.1\bin;C:\WINDOWS\Sun\Java\bin;C:\WINDOWS\system32;C:\WINDOWS;C:\Windows\system32;C:\Windows;C:\Windows\System32\Wbem;C:\Windows\System32\WindowsPowerShell\v1.0\;C:\Windows\System32\OpenSSH\;C:\Program Files (x86)\NVIDIA Corporation\PhysX\Common;C:\Program Files\NVIDIA Corporation\NVIDIA NvDLISR;C:\Program Files\Git\cmd;C:\Program Files\Azure Data Studio\bin;C:\Program Files\Docker\Docker\resources\bin;C:\ProgramData\DockerDesktop\version-bin;C:\Program Files\dotnet\;C:\WINDOWS\system32;C:\WINDOWS;C:\WINDOWS\System32\Wbem;C:\WINDOWS\System32\WindowsPowerShell\v1.0\;C:\WINDOWS\System32\OpenSSH\;C:\Users\bkuch\.jbang\bin;C:\Users\bkuch\AppData\Local\Programs\Python\Python311\Scripts\;C:\Users\bkuch\AppData\Local\Programs\Python\Python311\;C:\Tools\nodejs;C:\Users\bkuch\AppData\Local\Programs\Microsoft VS Code\bin;C:\Tools\apache-maven-3.9.3\bin;C:\Program Files\JetBrains\IntelliJ IDEA Community Edition 2023.3.5\bin;C:\Users\bkuch\AppData\Local\Microsoft\WindowsApps;C:\Tools\stockfish;C:\Users\bkuch\.jdks\openjdk-20.0.1\bin;C:\Tools\graalvm-jdk-22.0.1+8.1\bin;;."/>
    <property name="java.vm.info" value="mixed mode, sharing"/>
    <property name="stderr.encoding" value="Cp1250"/>
    <property name="java.vendor" value="Oracle Corporation"/>
    <property name="java.vm.version" value="20.0.1+9-29"/>
    <property name="sun.io.unicode.encoding" value="UnicodeLittle"/>
    <property name="java.class.version" value="64.0"/>
  </properties>
  <testcase name="inbox simple test [sentMessages: [pl.messaging.model.TestMessage1@54aca26f, pl.messaging.model.TestMessage1@314ed053, pl.messaging.model.TestMessage2@35088e87, pl.messaging.model.TestMessageFailing@486bc9a4, pl.messaging.model.TestMessage3@7965a51c], expectedCountByMessage: [class pl.messaging.model.TestMessage3:1, class pl.messaging.model.TestMessageFailing:0, class pl.messaging.model.TestMessage1:2, class pl.messaging.model.TestMessage2:1], #0]" classname="pl.messaging.InboxOutboxTest" time="1.555">
    <system-out><![CDATA[
  .   ____          _            __ _ _
 /\\ / ___'_ __ _ _(_)_ __  __ _ \ \ \ \
( ( )\___ | '_ | '_| | '_ \/ _` | \ \ \ \
 \\/  ___)| |_)| | | | | || (_| |  ) ) ) )
  '  |____| .__|_| |_|_| |_\__, | / / / /
 =========|_|==============|___/=/_/_/_/
 :: Spring Boot ::                (v3.2.0)

]]></system-out>
    <system-err><![CDATA[[main] INFO pl.messaging.InboxOutboxTest - Starting InboxOutboxTest using Java 20.0.1 with PID 2420 (started by bkuch in C:\Users\bkuch\OneDrive\Pulpit\App\PIH\projekty\illchess\messaging\inbox-outbox\inbox-outbox-spring)
[main] INFO pl.messaging.InboxOutboxTest - No active profile set, falling back to 1 default profile: "default"
[main] INFO pl.messaging.InboxOutboxTest - Started InboxOutboxTest in 0.416 seconds (process running for 1.595)
]]></system-err>
  </testcase>
  <testcase name="inbox simple test" classname="pl.messaging.InboxOutboxTest" time="2.195"/>
  <testcase name="should have expected count of retry on failing inbox message" classname="pl.messaging.InboxOutboxTest" time="2.027"/>
  <testcase name="should have expected count of retry with max value on failing inbox message" classname="pl.messaging.InboxOutboxTest" time="5.01"/>
</testsuite>